;  LST file generated by mikroListExporter - v.2.0 
; Date/Time: 28/11/2023 10:16:14
;----------------------------------------------

;Address Opcode 	ASM
0x0000	0x29A2      	GOTO       418
_interrupt:
0x0004	0x00FF      	MOVWF      R15
0x0005	0x0E03      	SWAPF      STATUS, 0
0x0006	0x0183      	CLRF       STATUS
0x0007	0x00E6      	MOVWF      ___saveSTATUS
0x0008	0x080A      	MOVF       PCLATH, 0
0x0009	0x00E7      	MOVWF      ___savePCLATH
0x000A	0x018A      	CLRF       PCLATH
0x000B	0x0870      	MOVF       R0, 0
0x000C	0x00A3      	MOVWF      35
0x000D	0x087B      	MOVF       R11, 0
0x000E	0x00A2      	MOVWF      34
0x000F	0x087C      	MOVF       R12, 0
0x0010	0x00A1      	MOVWF      33
0x0011	0x087D      	MOVF       R13, 0
0x0012	0x00A0      	MOVWF      32
;MyProject.c,57 :: 		void interrupt(){
;MyProject.c,59 :: 		porta.RA1 =0;
0x0013	0x1085      	BCF        PORTA, 1
;MyProject.c,60 :: 		intcon.intf=0;}
0x0014	0x108B      	BCF        INTCON, 1
L_interrupt8:
;MyProject.c,61 :: 		if (rbif==1){
0x0015	0x282B      	GOTO       L_interrupt9
;MyProject.c,66 :: 		delay_ms(500);
L_interrupt12:
0x0016	0x0BFD      	DECFSZ     R13, 1
0x0017	0x2816      	GOTO       L_interrupt12
0x0018	0x0BFC      	DECFSZ     R12, 1
0x0019	0x2816      	GOTO       L_interrupt12
0x001A	0x0BFB      	DECFSZ     R11, 1
0x001B	0x2816      	GOTO       L_interrupt12
0x001C	0x0000      	NOP
0x001D	0x0000      	NOP
;MyProject.c,67 :: 		porte.re0=0;
0x001E	0x1009      	BCF        PORTE, 0
;MyProject.c,68 :: 		} else {
0x001F	0x282B      	GOTO       L_interrupt13
;MyProject.c,71 :: 		delay_ms(500);
L_interrupt14:
0x0020	0x0BFD      	DECFSZ     R13, 1
0x0021	0x2820      	GOTO       L_interrupt14
0x0022	0x0BFC      	DECFSZ     R12, 1
0x0023	0x2820      	GOTO       L_interrupt14
0x0024	0x0BFB      	DECFSZ     R11, 1
0x0025	0x2820      	GOTO       L_interrupt14
0x0026	0x0000      	NOP
0x0027	0x0000      	NOP
;MyProject.c,72 :: 		porte.re2=0;
0x0028	0x1109      	BCF        PORTE, 2
;MyProject.c,73 :: 		porta.ra1 = 1;
0x0029	0x1485      	BSF        PORTA, 1
;MyProject.c,74 :: 		intcon.rbif=0;
0x002A	0x100B      	BCF        INTCON, 0
;MyProject.c,75 :: 		}
L_interrupt13:
;MyProject.c,77 :: 		}
L_interrupt9:
;MyProject.c,78 :: 		}
L_end_interrupt:
L__interrupt19:
0x002B	0x0823      	MOVF       35, 0
0x002C	0x00F0      	MOVWF      R0
0x002D	0x0822      	MOVF       34, 0
0x002E	0x00FB      	MOVWF      R11
0x002F	0x0821      	MOVF       33, 0
0x0030	0x00FC      	MOVWF      R12
0x0031	0x0820      	MOVF       32, 0
0x0032	0x00FD      	MOVWF      R13
0x0033	0x0867      	MOVF       ___savePCLATH, 0
0x0034	0x008A      	MOVWF      PCLATH
0x0035	0x0E66      	SWAPF      ___saveSTATUS, 0
0x0036	0x0083      	MOVWF      STATUS
0x0037	0x0EFF      	SWAPF      R15, 1
0x0038	0x0E7F      	SWAPF      R15, 0
0x0039	0x0009      	RETFIE
; end of _interrupt
_Delay_1us:
;__Lib_Delays.c,7 :: 		void Delay_1us() {
;__Lib_Delays.c,8 :: 		Delay_us(1);
0x003A	0x0000      	NOP
0x003B	0x0000      	NOP
;__Lib_Delays.c,9 :: 		}
L_end_Delay_1us:
0x003C	0x0008      	RETURN
; end of _Delay_1us
_Delay_5500us:
;__Lib_Delays.c,31 :: 		void Delay_5500us() {
;__Lib_Delays.c,32 :: 		Delay_us(5500);
0x003D	0x300F      	MOVLW      15
0x003E	0x1283      	BCF        STATUS, 5
0x003F	0x1303      	BCF        STATUS, 6
0x0040	0x00FC      	MOVWF      R12
0x0041	0x3047      	MOVLW      71
0x0042	0x00FD      	MOVWF      R13
L_Delay_5500us5:
0x0043	0x0BFD      	DECFSZ     R13, 1
0x0044	0x2843      	GOTO       L_Delay_5500us5
0x0045	0x0BFC      	DECFSZ     R12, 1
0x0046	0x2843      	GOTO       L_Delay_5500us5
0x0047	0x0000      	NOP
0x0048	0x0000      	NOP
;__Lib_Delays.c,33 :: 		}
L_end_Delay_5500us:
0x0049	0x0008      	RETURN
; end of _Delay_5500us
_Delay_50us:
;__Lib_Delays.c,19 :: 		void Delay_50us() {
;__Lib_Delays.c,20 :: 		Delay_us(50);
0x004A	0x3021      	MOVLW      33
0x004B	0x1283      	BCF        STATUS, 5
0x004C	0x1303      	BCF        STATUS, 6
0x004D	0x00FD      	MOVWF      R13
L_Delay_50us2:
0x004E	0x0BFD      	DECFSZ     R13, 1
0x004F	0x284E      	GOTO       L_Delay_50us2
;__Lib_Delays.c,21 :: 		}
L_end_Delay_50us:
0x0050	0x0008      	RETURN
; end of _Delay_50us
_Lcd_Cmd:
;__Lib_Lcd.c,18 :: 		
;__Lib_Lcd.c,20 :: 		
0x0051	0x1283      	BCF        STATUS, 5
0x0052	0x1303      	BCF        STATUS, 6
0x0053	0x1BEE      	BTFSC      FARG_Lcd_Cmd_out_char, 7
0x0054	0x2857      	GOTO       L__Lcd_Cmd21
0x0055	0x1187      	BCF        LCD_D7, BitPos(LCD_D7+0)
0x0056	0x2858      	GOTO       L__Lcd_Cmd22
L__Lcd_Cmd21:
0x0057	0x1587      	BSF        LCD_D7, BitPos(LCD_D7+0)
L__Lcd_Cmd22:
;__Lib_Lcd.c,21 :: 		
0x0058	0x1B6E      	BTFSC      FARG_Lcd_Cmd_out_char, 6
0x0059	0x285C      	GOTO       L__Lcd_Cmd23
0x005A	0x1107      	BCF        LCD_D6, BitPos(LCD_D6+0)
0x005B	0x285D      	GOTO       L__Lcd_Cmd24
L__Lcd_Cmd23:
0x005C	0x1507      	BSF        LCD_D6, BitPos(LCD_D6+0)
L__Lcd_Cmd24:
;__Lib_Lcd.c,22 :: 		
0x005D	0x1AEE      	BTFSC      FARG_Lcd_Cmd_out_char, 5
0x005E	0x2861      	GOTO       L__Lcd_Cmd25
0x005F	0x1087      	BCF        LCD_D5, BitPos(LCD_D5+0)
0x0060	0x2862      	GOTO       L__Lcd_Cmd26
L__Lcd_Cmd25:
0x0061	0x1487      	BSF        LCD_D5, BitPos(LCD_D5+0)
L__Lcd_Cmd26:
;__Lib_Lcd.c,23 :: 		
0x0062	0x1A6E      	BTFSC      FARG_Lcd_Cmd_out_char, 4
0x0063	0x2866      	GOTO       L__Lcd_Cmd27
0x0064	0x1007      	BCF        LCD_D4, BitPos(LCD_D4+0)
0x0065	0x2867      	GOTO       L__Lcd_Cmd28
L__Lcd_Cmd27:
0x0066	0x1407      	BSF        LCD_D4, BitPos(LCD_D4+0)
L__Lcd_Cmd28:
;__Lib_Lcd.c,25 :: 		
0x0067	0x185B      	BTFSC      __Lib_Lcd_cmd_status, BitPos(__Lib_Lcd_cmd_status+0)
0x0068	0x286B      	GOTO       L__Lcd_Cmd29
0x0069	0x1607      	BSF        LCD_RS, BitPos(LCD_RS+0)
0x006A	0x286C      	GOTO       L__Lcd_Cmd30
L__Lcd_Cmd29:
0x006B	0x1207      	BCF        LCD_RS, BitPos(LCD_RS+0)
L__Lcd_Cmd30:
;__Lib_Lcd.c,28 :: 		
0x006C	0x1687      	BSF        LCD_EN, BitPos(LCD_EN+0)
;__Lib_Lcd.c,29 :: 		
0x006D	0x203A      	CALL       _Delay_1us
;__Lib_Lcd.c,30 :: 		
0x006E	0x1287      	BCF        LCD_EN, BitPos(LCD_EN+0)
;__Lib_Lcd.c,33 :: 		
0x006F	0x19EE      	BTFSC      FARG_Lcd_Cmd_out_char, 3
0x0070	0x2873      	GOTO       L__Lcd_Cmd31
0x0071	0x1187      	BCF        LCD_D7, BitPos(LCD_D7+0)
0x0072	0x2874      	GOTO       L__Lcd_Cmd32
L__Lcd_Cmd31:
0x0073	0x1587      	BSF        LCD_D7, BitPos(LCD_D7+0)
L__Lcd_Cmd32:
;__Lib_Lcd.c,34 :: 		
0x0074	0x196E      	BTFSC      FARG_Lcd_Cmd_out_char, 2
0x0075	0x2878      	GOTO       L__Lcd_Cmd33
0x0076	0x1107      	BCF        LCD_D6, BitPos(LCD_D6+0)
0x0077	0x2879      	GOTO       L__Lcd_Cmd34
L__Lcd_Cmd33:
0x0078	0x1507      	BSF        LCD_D6, BitPos(LCD_D6+0)
L__Lcd_Cmd34:
;__Lib_Lcd.c,35 :: 		
0x0079	0x18EE      	BTFSC      FARG_Lcd_Cmd_out_char, 1
0x007A	0x287D      	GOTO       L__Lcd_Cmd35
0x007B	0x1087      	BCF        LCD_D5, BitPos(LCD_D5+0)
0x007C	0x287E      	GOTO       L__Lcd_Cmd36
L__Lcd_Cmd35:
0x007D	0x1487      	BSF        LCD_D5, BitPos(LCD_D5+0)
L__Lcd_Cmd36:
;__Lib_Lcd.c,36 :: 		
0x007E	0x186E      	BTFSC      FARG_Lcd_Cmd_out_char, 0
0x007F	0x2882      	GOTO       L__Lcd_Cmd37
0x0080	0x1007      	BCF        LCD_D4, BitPos(LCD_D4+0)
0x0081	0x2883      	GOTO       L__Lcd_Cmd38
L__Lcd_Cmd37:
0x0082	0x1407      	BSF        LCD_D4, BitPos(LCD_D4+0)
L__Lcd_Cmd38:
;__Lib_Lcd.c,38 :: 		
0x0083	0x185B      	BTFSC      __Lib_Lcd_cmd_status, BitPos(__Lib_Lcd_cmd_status+0)
0x0084	0x2887      	GOTO       L__Lcd_Cmd39
0x0085	0x1607      	BSF        LCD_RS, BitPos(LCD_RS+0)
0x0086	0x2888      	GOTO       L__Lcd_Cmd40
L__Lcd_Cmd39:
0x0087	0x1207      	BCF        LCD_RS, BitPos(LCD_RS+0)
L__Lcd_Cmd40:
;__Lib_Lcd.c,40 :: 		
0x0088	0x1687      	BSF        LCD_EN, BitPos(LCD_EN+0)
;__Lib_Lcd.c,41 :: 		
0x0089	0x203A      	CALL       _Delay_1us
;__Lib_Lcd.c,42 :: 		
0x008A	0x1287      	BCF        LCD_EN, BitPos(LCD_EN+0)
;__Lib_Lcd.c,44 :: 		
0x008B	0x1C5B      	BTFSS      __Lib_Lcd_cmd_status, BitPos(__Lib_Lcd_cmd_status+0)
0x008C	0x288F      	GOTO       L_Lcd_Cmd0
;__Lib_Lcd.c,45 :: 		
0x008D	0x203D      	CALL       _Delay_5500us
0x008E	0x2890      	GOTO       L_Lcd_Cmd1
L_Lcd_Cmd0:
;__Lib_Lcd.c,47 :: 		
0x008F	0x204A      	CALL       _Delay_50us
L_Lcd_Cmd1:
;__Lib_Lcd.c,48 :: 		
L_end_Lcd_Cmd:
0x0090	0x0008      	RETURN
; end of _Lcd_Cmd
_Delay_10us:
;__Lib_Delays.c,11 :: 		void Delay_10us() {
;__Lib_Delays.c,12 :: 		Delay_us(10);
0x0091	0x3006      	MOVLW      6
0x0092	0x1283      	BCF        STATUS, 5
0x0093	0x1303      	BCF        STATUS, 6
0x0094	0x00FD      	MOVWF      R13
L_Delay_10us0:
0x0095	0x0BFD      	DECFSZ     R13, 1
0x0096	0x2895      	GOTO       L_Delay_10us0
0x0097	0x0000      	NOP
;__Lib_Delays.c,13 :: 		}
L_end_Delay_10us:
0x0098	0x0008      	RETURN
; end of _Delay_10us
_Keypad_Key_Press:
;__Lib_Keypad4x4.c,39 :: 		
;__Lib_Keypad4x4.c,43 :: 		
0x0099	0x1283      	BCF        STATUS, 5
0x009A	0x1303      	BCF        STATUS, 6
0x009B	0x01EE      	CLRF       Keypad_Key_Press_rslt_L0
;__Lib_Keypad4x4.c,44 :: 		
0x009C	0x1683      	BSF        STATUS, 5
0x009D	0x01A0      	CLRF       Keypad_Key_Press_loc_L0
;__Lib_Keypad4x4.c,45 :: 		
0x009E	0x01A1      	CLRF       Keypad_Key_Press_rowcnt_L0
;__Lib_Keypad4x4.c,46 :: 		
0x009F	0x3010      	MOVLW      16
0x00A0	0x00A2      	MOVWF      Keypad_Key_Press_shifter_L0
;__Lib_Keypad4x4.c,48 :: 		
L_Keypad_Key_Press0:
0x00A1	0x3004      	MOVLW      4
0x00A2	0x0221      	SUBWF      Keypad_Key_Press_rowcnt_L0, 0
0x00A3	0x1803      	BTFSC      STATUS, 0
0x00A4	0x28D2      	GOTO       L_Keypad_Key_Press1
;__Lib_Keypad4x4.c,50 :: 		
0x00A5	0x30F0      	MOVLW      240
0x00A6	0x1283      	BCF        STATUS, 5
0x00A7	0x0088      	MOVWF      keypadPort
;__Lib_Keypad4x4.c,51 :: 		
0x00A8	0x3080      	MOVLW      128
0x00A9	0x00F0      	MOVWF      R0
0x00AA	0x0870      	MOVF       R0, 0
0x00AB	0x3E08      	ADDLW      keypadPort
0x00AC	0x0084      	MOVWF      FSR
0x00AD	0x1683      	BSF        STATUS, 5
0x00AE	0x0922      	COMF       Keypad_Key_Press_shifter_L0, 0
0x00AF	0x00F0      	MOVWF      R0
0x00B0	0x0870      	MOVF       R0, 0
0x00B1	0x0080      	MOVWF      INDF
;__Lib_Keypad4x4.c,55 :: 		
0x00B2	0x203A      	CALL       _Delay_1us
;__Lib_Keypad4x4.c,56 :: 		
0x00B3	0x203A      	CALL       _Delay_1us
;__Lib_Keypad4x4.c,57 :: 		
0x00B4	0x300F      	MOVLW      15
0x00B5	0x1283      	BCF        STATUS, 5
0x00B6	0x0508      	ANDWF      keypadPort, 0
0x00B7	0x00F0      	MOVWF      R0
0x00B8	0x0870      	MOVF       R0, 0
0x00B9	0x00EF      	MOVWF      Keypad_Key_Press_kdata_L0
;__Lib_Keypad4x4.c,58 :: 		
0x00BA	0x0870      	MOVF       R0, 0
0x00BB	0x1903      	BTFSC      STATUS, 2
0x00BC	0x28CB      	GOTO       L_Keypad_Key_Press2
;__Lib_Keypad4x4.c,60 :: 		
0x00BD	0x1683      	BSF        STATUS, 5
0x00BE	0x0820      	MOVF       Keypad_Key_Press_loc_L0, 0
0x00BF	0x1283      	BCF        STATUS, 5
0x00C0	0x00EE      	MOVWF      Keypad_Key_Press_rslt_L0
;__Lib_Keypad4x4.c,61 :: 		
L_Keypad_Key_Press3:
0x00C1	0x086F      	MOVF       Keypad_Key_Press_kdata_L0, 0
0x00C2	0x1903      	BTFSC      STATUS, 2
0x00C3	0x28C8      	GOTO       L_Keypad_Key_Press4
;__Lib_Keypad4x4.c,62 :: 		
0x00C4	0x0CEF      	RRF        Keypad_Key_Press_kdata_L0, 1
0x00C5	0x13EF      	BCF        Keypad_Key_Press_kdata_L0, 7
;__Lib_Keypad4x4.c,63 :: 		
0x00C6	0x0AEE      	INCF       Keypad_Key_Press_rslt_L0, 1
;__Lib_Keypad4x4.c,64 :: 		
0x00C7	0x28C1      	GOTO       L_Keypad_Key_Press3
L_Keypad_Key_Press4:
;__Lib_Keypad4x4.c,66 :: 		
0x00C8	0x3004      	MOVLW      4
0x00C9	0x1683      	BSF        STATUS, 5
0x00CA	0x00A1      	MOVWF      Keypad_Key_Press_rowcnt_L0
;__Lib_Keypad4x4.c,67 :: 		
L_Keypad_Key_Press2:
0x00CB	0x1683      	BSF        STATUS, 5
;__Lib_Keypad4x4.c,68 :: 		
0x00CC	0x0DA2      	RLF        Keypad_Key_Press_shifter_L0, 1
0x00CD	0x1022      	BCF        Keypad_Key_Press_shifter_L0, 0
;__Lib_Keypad4x4.c,69 :: 		
0x00CE	0x3004      	MOVLW      4
0x00CF	0x07A0      	ADDWF      Keypad_Key_Press_loc_L0, 1
;__Lib_Keypad4x4.c,70 :: 		
0x00D0	0x0AA1      	INCF       Keypad_Key_Press_rowcnt_L0, 1
;__Lib_Keypad4x4.c,71 :: 		
0x00D1	0x28A1      	GOTO       L_Keypad_Key_Press0
L_Keypad_Key_Press1:
;__Lib_Keypad4x4.c,73 :: 		
0x00D2	0x1283      	BCF        STATUS, 5
0x00D3	0x086E      	MOVF       Keypad_Key_Press_rslt_L0, 0
0x00D4	0x00F0      	MOVWF      R0
;__Lib_Keypad4x4.c,74 :: 		
L_end_Keypad_Key_Press:
0x00D5	0x0008      	RETURN
; end of _Keypad_Key_Press
_____DoICP:
;__Lib_System.c,6 :: 		
;__Lib_System.c,9 :: 		
0x00D6	0x1283      	BCF        STATUS, 5
0x00D7	0x1303      	BCF        STATUS, 6
0x00D8	0x085A      	MOVF       ___DoICPAddr+1, 0
0x00D9	0x008A      	MOVWF      PCLATH
;__Lib_System.c,10 :: 		
0x00DA	0x0859      	MOVF       ___DoICPAddr, 0
0x00DB	0x0082      	MOVWF      PCL
;__Lib_System.c,12 :: 		
L_end_____DoICP:
0x00DC	0x0008      	RETURN
; end of _____DoICP
_Lcd_Chr_CP:
;__Lib_Lcd.c,50 :: 		
;__Lib_Lcd.c,52 :: 		
0x00DD	0x1283      	BCF        STATUS, 5
0x00DE	0x1303      	BCF        STATUS, 6
0x00DF	0x105B      	BCF        __Lib_Lcd_cmd_status, BitPos(__Lib_Lcd_cmd_status+0)
;__Lib_Lcd.c,53 :: 		
0x00E0	0x086D      	MOVF       FARG_Lcd_Chr_CP_out_char, 0
0x00E1	0x00EE      	MOVWF      FARG_Lcd_Cmd_out_char
0x00E2	0x2051      	CALL       _Lcd_Cmd
;__Lib_Lcd.c,54 :: 		
0x00E3	0x145B      	BSF        __Lib_Lcd_cmd_status, BitPos(__Lib_Lcd_cmd_status+0)
;__Lib_Lcd.c,55 :: 		
L_end_Lcd_Chr_CP:
0x00E4	0x0008      	RETURN
; end of _Lcd_Chr_CP
_Keypad_Key_Click:
;__Lib_Keypad4x4.c,77 :: 		
;__Lib_Keypad4x4.c,81 :: 		
0x00E5	0x2099      	CALL       _Keypad_Key_Press
0x00E6	0x0870      	MOVF       R0, 0
0x00E7	0x00ED      	MOVWF      Keypad_Key_Click_rslt_L0
;__Lib_Keypad4x4.c,83 :: 		
L_Keypad_Key_Click5:
0x00E8	0x300F      	MOVLW      15
0x00E9	0x0508      	ANDWF      keypadPort, 0
0x00EA	0x00F0      	MOVWF      R0
0x00EB	0x1903      	BTFSC      STATUS, 2
0x00EC	0x28EF      	GOTO       L_Keypad_Key_Click6
;__Lib_Keypad4x4.c,84 :: 		
0x00ED	0x2091      	CALL       _Delay_10us
0x00EE	0x28E8      	GOTO       L_Keypad_Key_Click5
L_Keypad_Key_Click6:
;__Lib_Keypad4x4.c,86 :: 		
0x00EF	0x086D      	MOVF       Keypad_Key_Click_rslt_L0, 0
0x00F0	0x00F0      	MOVWF      R0
;__Lib_Keypad4x4.c,87 :: 		
L_end_Keypad_Key_Click:
0x00F1	0x0008      	RETURN
; end of _Keypad_Key_Click
_Keypad_Init:
;__Lib_Keypad4x4.c,34 :: 		
;__Lib_Keypad4x4.c,35 :: 		
0x00F2	0x3080      	MOVLW      128
0x00F3	0x1283      	BCF        STATUS, 5
0x00F4	0x1303      	BCF        STATUS, 6
0x00F5	0x00F0      	MOVWF      R0
0x00F6	0x0870      	MOVF       R0, 0
0x00F7	0x3E08      	ADDLW      keypadPort
0x00F8	0x0084      	MOVWF      FSR
0x00F9	0x30FF      	MOVLW      255
0x00FA	0x0080      	MOVWF      INDF
;__Lib_Keypad4x4.c,36 :: 		
L_end_Keypad_Init:
0x00FB	0x0008      	RETURN
; end of _Keypad_Init
_Lcd_Out:
;__Lib_Lcd.c,184 :: 		
;__Lib_Lcd.c,187 :: 		
0x00FC	0x290E      	GOTO       L_Lcd_Out11
;__Lib_Lcd.c,188 :: 		
L_Lcd_Out13:
0x00FD	0x3080      	MOVLW      128
0x00FE	0x1283      	BCF        STATUS, 5
0x00FF	0x1303      	BCF        STATUS, 6
0x0100	0x00E9      	MOVWF      FARG_Lcd_Out_row
0x0101	0x2921      	GOTO       L_Lcd_Out12
;__Lib_Lcd.c,189 :: 		
L_Lcd_Out14:
0x0102	0x30C0      	MOVLW      192
0x0103	0x00E9      	MOVWF      FARG_Lcd_Out_row
0x0104	0x2921      	GOTO       L_Lcd_Out12
;__Lib_Lcd.c,190 :: 		
L_Lcd_Out15:
0x0105	0x3094      	MOVLW      148
0x0106	0x00E9      	MOVWF      FARG_Lcd_Out_row
0x0107	0x2921      	GOTO       L_Lcd_Out12
;__Lib_Lcd.c,191 :: 		
L_Lcd_Out16:
0x0108	0x30D4      	MOVLW      212
0x0109	0x00E9      	MOVWF      FARG_Lcd_Out_row
0x010A	0x2921      	GOTO       L_Lcd_Out12
;__Lib_Lcd.c,192 :: 		
L_Lcd_Out17:
0x010B	0x3080      	MOVLW      128
0x010C	0x00E9      	MOVWF      FARG_Lcd_Out_row
;__Lib_Lcd.c,193 :: 		
0x010D	0x2921      	GOTO       L_Lcd_Out12
L_Lcd_Out11:
0x010E	0x1283      	BCF        STATUS, 5
0x010F	0x1303      	BCF        STATUS, 6
0x0110	0x0869      	MOVF       FARG_Lcd_Out_row, 0
0x0111	0x3A01      	XORLW      1
0x0112	0x1903      	BTFSC      STATUS, 2
0x0113	0x28FD      	GOTO       L_Lcd_Out13
0x0114	0x0869      	MOVF       FARG_Lcd_Out_row, 0
0x0115	0x3A02      	XORLW      2
0x0116	0x1903      	BTFSC      STATUS, 2
0x0117	0x2902      	GOTO       L_Lcd_Out14
0x0118	0x0869      	MOVF       FARG_Lcd_Out_row, 0
0x0119	0x3A03      	XORLW      3
0x011A	0x1903      	BTFSC      STATUS, 2
0x011B	0x2905      	GOTO       L_Lcd_Out15
0x011C	0x0869      	MOVF       FARG_Lcd_Out_row, 0
0x011D	0x3A04      	XORLW      4
0x011E	0x1903      	BTFSC      STATUS, 2
0x011F	0x2908      	GOTO       L_Lcd_Out16
0x0120	0x290B      	GOTO       L_Lcd_Out17
L_Lcd_Out12:
;__Lib_Lcd.c,194 :: 		
0x0121	0x036A      	DECF       FARG_Lcd_Out_column, 0
0x0122	0x00F0      	MOVWF      R0
0x0123	0x0869      	MOVF       FARG_Lcd_Out_row, 0
0x0124	0x07F0      	ADDWF      R0, 1
0x0125	0x0870      	MOVF       R0, 0
0x0126	0x00E9      	MOVWF      FARG_Lcd_Out_row
;__Lib_Lcd.c,196 :: 		
0x0127	0x0870      	MOVF       R0, 0
0x0128	0x00EE      	MOVWF      FARG_Lcd_Cmd_out_char
0x0129	0x2051      	CALL       _Lcd_Cmd
;__Lib_Lcd.c,197 :: 		
0x012A	0x105B      	BCF        __Lib_Lcd_cmd_status, BitPos(__Lib_Lcd_cmd_status+0)
;__Lib_Lcd.c,198 :: 		
0x012B	0x01EC      	CLRF       Lcd_Out_i_L0
;__Lib_Lcd.c,199 :: 		
L_Lcd_Out18:
0x012C	0x086C      	MOVF       Lcd_Out_i_L0, 0
0x012D	0x076B      	ADDWF      FARG_Lcd_Out_text, 0
0x012E	0x0084      	MOVWF      FSR
0x012F	0x0800      	MOVF       INDF, 0
0x0130	0x1903      	BTFSC      STATUS, 2
0x0131	0x293A      	GOTO       L_Lcd_Out19
;__Lib_Lcd.c,200 :: 		
0x0132	0x086C      	MOVF       Lcd_Out_i_L0, 0
0x0133	0x076B      	ADDWF      FARG_Lcd_Out_text, 0
0x0134	0x0084      	MOVWF      FSR
0x0135	0x0800      	MOVF       INDF, 0
0x0136	0x00ED      	MOVWF      FARG_Lcd_Chr_CP_out_char
0x0137	0x20DD      	CALL       _Lcd_Chr_CP
0x0138	0x0AEC      	INCF       Lcd_Out_i_L0, 1
0x0139	0x292C      	GOTO       L_Lcd_Out18
L_Lcd_Out19:
;__Lib_Lcd.c,201 :: 		
0x013A	0x145B      	BSF        __Lib_Lcd_cmd_status, BitPos(__Lib_Lcd_cmd_status+0)
;__Lib_Lcd.c,202 :: 		
L_end_Lcd_Out:
0x013B	0x0008      	RETURN
; end of _Lcd_Out
_Lcd_Init:
;__Lib_Lcd.c,84 :: 		
;__Lib_Lcd.c,86 :: 		
0x013C	0x1683      	BSF        STATUS, 5
0x013D	0x1303      	BCF        STATUS, 6
0x013E	0x1287      	BCF        LCD_EN_Direction, BitPos(LCD_EN_Direction+0)
;__Lib_Lcd.c,87 :: 		
0x013F	0x1207      	BCF        LCD_RS_Direction, BitPos(LCD_RS_Direction+0)
;__Lib_Lcd.c,88 :: 		
0x0140	0x1007      	BCF        LCD_D4_Direction, BitPos(LCD_D4_Direction+0)
;__Lib_Lcd.c,89 :: 		
0x0141	0x1087      	BCF        LCD_D5_Direction, BitPos(LCD_D5_Direction+0)
;__Lib_Lcd.c,90 :: 		
0x0142	0x1107      	BCF        LCD_D6_Direction, BitPos(LCD_D6_Direction+0)
;__Lib_Lcd.c,91 :: 		
0x0143	0x1187      	BCF        LCD_D7_Direction, BitPos(LCD_D7_Direction+0)
;__Lib_Lcd.c,93 :: 		
0x0144	0x1283      	BCF        STATUS, 5
0x0145	0x1287      	BCF        LCD_EN, BitPos(LCD_EN+0)
;__Lib_Lcd.c,94 :: 		
0x0146	0x1207      	BCF        LCD_RS, BitPos(LCD_RS+0)
;__Lib_Lcd.c,95 :: 		
0x0147	0x1187      	BCF        LCD_D7, BitPos(LCD_D7+0)
;__Lib_Lcd.c,96 :: 		
0x0148	0x1107      	BCF        LCD_D6, BitPos(LCD_D6+0)
;__Lib_Lcd.c,97 :: 		
0x0149	0x1087      	BCF        LCD_D5, BitPos(LCD_D5+0)
;__Lib_Lcd.c,98 :: 		
0x014A	0x1007      	BCF        LCD_D4, BitPos(LCD_D4+0)
;__Lib_Lcd.c,100 :: 		
0x014B	0x203D      	CALL       _Delay_5500us
;__Lib_Lcd.c,101 :: 		
0x014C	0x203D      	CALL       _Delay_5500us
;__Lib_Lcd.c,102 :: 		
0x014D	0x203D      	CALL       _Delay_5500us
;__Lib_Lcd.c,105 :: 		
0x014E	0x1487      	BSF        LCD_D5, BitPos(LCD_D5+0)
;__Lib_Lcd.c,106 :: 		
0x014F	0x1407      	BSF        LCD_D4, BitPos(LCD_D4+0)
;__Lib_Lcd.c,107 :: 		
0x0150	0x1687      	BSF        LCD_EN, BitPos(LCD_EN+0)
;__Lib_Lcd.c,108 :: 		
0x0151	0x203A      	CALL       _Delay_1us
;__Lib_Lcd.c,109 :: 		
0x0152	0x1287      	BCF        LCD_EN, BitPos(LCD_EN+0)
;__Lib_Lcd.c,110 :: 		
0x0153	0x203D      	CALL       _Delay_5500us
;__Lib_Lcd.c,112 :: 		
0x0154	0x1687      	BSF        LCD_EN, BitPos(LCD_EN+0)
;__Lib_Lcd.c,113 :: 		
0x0155	0x203A      	CALL       _Delay_1us
;__Lib_Lcd.c,114 :: 		
0x0156	0x1287      	BCF        LCD_EN, BitPos(LCD_EN+0)
;__Lib_Lcd.c,115 :: 		
0x0157	0x203D      	CALL       _Delay_5500us
;__Lib_Lcd.c,117 :: 		
0x0158	0x1687      	BSF        LCD_EN, BitPos(LCD_EN+0)
;__Lib_Lcd.c,118 :: 		
0x0159	0x203A      	CALL       _Delay_1us
;__Lib_Lcd.c,119 :: 		
0x015A	0x1287      	BCF        LCD_EN, BitPos(LCD_EN+0)
;__Lib_Lcd.c,120 :: 		
0x015B	0x203D      	CALL       _Delay_5500us
;__Lib_Lcd.c,123 :: 		
0x015C	0x1007      	BCF        LCD_D4, BitPos(LCD_D4+0)
;__Lib_Lcd.c,124 :: 		
0x015D	0x1687      	BSF        LCD_EN, BitPos(LCD_EN+0)
;__Lib_Lcd.c,125 :: 		
0x015E	0x203A      	CALL       _Delay_1us
;__Lib_Lcd.c,126 :: 		
0x015F	0x1287      	BCF        LCD_EN, BitPos(LCD_EN+0)
;__Lib_Lcd.c,127 :: 		
0x0160	0x203D      	CALL       _Delay_5500us
;__Lib_Lcd.c,130 :: 		
0x0161	0x1687      	BSF        LCD_EN, BitPos(LCD_EN+0)
;__Lib_Lcd.c,131 :: 		
0x0162	0x203A      	CALL       _Delay_1us
;__Lib_Lcd.c,132 :: 		
0x0163	0x1287      	BCF        LCD_EN, BitPos(LCD_EN+0)
;__Lib_Lcd.c,134 :: 		
0x0164	0x1087      	BCF        LCD_D5, BitPos(LCD_D5+0)
;__Lib_Lcd.c,135 :: 		
0x0165	0x1587      	BSF        LCD_D7, BitPos(LCD_D7+0)
;__Lib_Lcd.c,136 :: 		
0x0166	0x1687      	BSF        LCD_EN, BitPos(LCD_EN+0)
;__Lib_Lcd.c,137 :: 		
0x0167	0x203A      	CALL       _Delay_1us
;__Lib_Lcd.c,138 :: 		
0x0168	0x1287      	BCF        LCD_EN, BitPos(LCD_EN+0)
;__Lib_Lcd.c,139 :: 		
0x0169	0x203D      	CALL       _Delay_5500us
;__Lib_Lcd.c,142 :: 		
0x016A	0x1187      	BCF        LCD_D7, BitPos(LCD_D7+0)
;__Lib_Lcd.c,143 :: 		
0x016B	0x1407      	BSF        LCD_D4, BitPos(LCD_D4+0)
;__Lib_Lcd.c,144 :: 		
0x016C	0x1687      	BSF        LCD_EN, BitPos(LCD_EN+0)
;__Lib_Lcd.c,145 :: 		
0x016D	0x203A      	CALL       _Delay_1us
;__Lib_Lcd.c,146 :: 		
0x016E	0x1287      	BCF        LCD_EN, BitPos(LCD_EN+0)
;__Lib_Lcd.c,148 :: 		
0x016F	0x1007      	BCF        LCD_D4, BitPos(LCD_D4+0)
;__Lib_Lcd.c,149 :: 		
0x0170	0x1687      	BSF        LCD_EN, BitPos(LCD_EN+0)
;__Lib_Lcd.c,150 :: 		
0x0171	0x203A      	CALL       _Delay_1us
;__Lib_Lcd.c,151 :: 		
0x0172	0x1287      	BCF        LCD_EN, BitPos(LCD_EN+0)
;__Lib_Lcd.c,152 :: 		
0x0173	0x203D      	CALL       _Delay_5500us
;__Lib_Lcd.c,155 :: 		
0x0174	0x1687      	BSF        LCD_EN, BitPos(LCD_EN+0)
;__Lib_Lcd.c,156 :: 		
0x0175	0x203A      	CALL       _Delay_1us
;__Lib_Lcd.c,157 :: 		
0x0176	0x1287      	BCF        LCD_EN, BitPos(LCD_EN+0)
;__Lib_Lcd.c,159 :: 		
0x0177	0x1407      	BSF        LCD_D4, BitPos(LCD_D4+0)
;__Lib_Lcd.c,160 :: 		
0x0178	0x1687      	BSF        LCD_EN, BitPos(LCD_EN+0)
;__Lib_Lcd.c,161 :: 		
0x0179	0x203A      	CALL       _Delay_1us
;__Lib_Lcd.c,162 :: 		
0x017A	0x1287      	BCF        LCD_EN, BitPos(LCD_EN+0)
;__Lib_Lcd.c,163 :: 		
0x017B	0x203D      	CALL       _Delay_5500us
;__Lib_Lcd.c,166 :: 		
0x017C	0x1007      	BCF        LCD_D4, BitPos(LCD_D4+0)
;__Lib_Lcd.c,167 :: 		
0x017D	0x1687      	BSF        LCD_EN, BitPos(LCD_EN+0)
;__Lib_Lcd.c,168 :: 		
0x017E	0x203A      	CALL       _Delay_1us
;__Lib_Lcd.c,169 :: 		
0x017F	0x1287      	BCF        LCD_EN, BitPos(LCD_EN+0)
;__Lib_Lcd.c,171 :: 		
0x0180	0x1587      	BSF        LCD_D7, BitPos(LCD_D7+0)
;__Lib_Lcd.c,172 :: 		
0x0181	0x1507      	BSF        LCD_D6, BitPos(LCD_D6+0)
;__Lib_Lcd.c,173 :: 		
0x0182	0x1487      	BSF        LCD_D5, BitPos(LCD_D5+0)
;__Lib_Lcd.c,174 :: 		
0x0183	0x1407      	BSF        LCD_D4, BitPos(LCD_D4+0)
;__Lib_Lcd.c,175 :: 		
0x0184	0x1687      	BSF        LCD_EN, BitPos(LCD_EN+0)
;__Lib_Lcd.c,176 :: 		
0x0185	0x203A      	CALL       _Delay_1us
;__Lib_Lcd.c,177 :: 		
0x0186	0x1287      	BCF        LCD_EN, BitPos(LCD_EN+0)
;__Lib_Lcd.c,179 :: 		
0x0187	0x203D      	CALL       _Delay_5500us
;__Lib_Lcd.c,181 :: 		
0x0188	0x145B      	BSF        __Lib_Lcd_cmd_status, BitPos(__Lib_Lcd_cmd_status+0)
;__Lib_Lcd.c,182 :: 		
L_end_Lcd_Init:
0x0189	0x0008      	RETURN
; end of _Lcd_Init
_Keypad_Get_Key:
;MyProject.c,23 :: 		char Keypad_Get_Key() {
;MyProject.c,24 :: 		char keyPressed = 0;
0x018A	0x1283      	BCF        STATUS, 5
0x018B	0x1303      	BCF        STATUS, 6
0x018C	0x01E9      	CLRF       Keypad_Get_Key_keyPressed_L0
;MyProject.c,25 :: 		do {
L_Keypad_Get_Key0:
;MyProject.c,26 :: 		keyPressed = Keypad_Key_Click();
0x018D	0x20E5      	CALL       _Keypad_Key_Click
0x018E	0x0870      	MOVF       R0, 0
0x018F	0x00E9      	MOVWF      Keypad_Get_Key_keyPressed_L0
;MyProject.c,27 :: 		} while (!keyPressed);
0x0190	0x0870      	MOVF       R0, 0
0x0191	0x1903      	BTFSC      STATUS, 2
0x0192	0x298D      	GOTO       L_Keypad_Get_Key0
;MyProject.c,28 :: 		return keyPressed;
0x0193	0x0869      	MOVF       Keypad_Get_Key_keyPressed_L0, 0
0x0194	0x00F0      	MOVWF      R0
;MyProject.c,29 :: 		}
L_end_Keypad_Get_Key:
0x0195	0x0008      	RETURN
; end of _Keypad_Get_Key
___CC2DW:
;__Lib_System.c,134 :: 		
;__Lib_System.c,137 :: 		
_CC2D_Loop1:
;__Lib_System.c,139 :: 		
0x0196	0x20D6      	CALL       _____DoICP
0x0197	0x118A      	BCF        PCLATH, 3
0x0198	0x120A      	BCF        PCLATH, 4
;__Lib_System.c,141 :: 		
0x0199	0x0080      	MOVWF      INDF
;__Lib_System.c,142 :: 		
0x019A	0x0A84      	INCF       FSR, 1
;__Lib_System.c,143 :: 		
0x019B	0x0AD9      	INCF       ___DoICPAddr, 1
;__Lib_System.c,145 :: 		
0x019C	0x1903      	BTFSC      STATUS, 2
;__Lib_System.c,146 :: 		
0x019D	0x0ADA      	INCF       ___DoICPAddr+1, 1
;__Lib_System.c,147 :: 		
0x019E	0x03F0      	DECF       R0, 1
;__Lib_System.c,149 :: 		
0x019F	0x1D03      	BTFSS      STATUS, 2
;__Lib_System.c,150 :: 		
0x01A0	0x2996      	GOTO       _CC2D_Loop1
;__Lib_System.c,152 :: 		
L_end___CC2DW:
0x01A1	0x0008      	RETURN
; end of ___CC2DW
_main:
0x01A2	0x222E      	CALL       558
;MyProject.c,30 :: 		void main(){
;MyProject.c,31 :: 		char ccode[5]="4321";
;MyProject.c,32 :: 		TRISD = 0xF0;
0x01A3	0x30F0      	MOVLW      240
0x01A4	0x1683      	BSF        STATUS, 5
0x01A5	0x1303      	BCF        STATUS, 6
0x01A6	0x0088      	MOVWF      TRISD
;MyProject.c,33 :: 		TRISB = 0b11000001;
0x01A7	0x30C1      	MOVLW      193
0x01A8	0x0086      	MOVWF      TRISB
;MyProject.c,34 :: 		TRISE=7;
0x01A9	0x3007      	MOVLW      7
0x01AA	0x0089      	MOVWF      TRISE
;MyProject.c,35 :: 		Portb=0;
0x01AB	0x1283      	BCF        STATUS, 5
0x01AC	0x0186      	CLRF       PORTB
;MyProject.c,36 :: 		intcon.gie=1;
0x01AD	0x178B      	BSF        INTCON, 7
;MyProject.c,37 :: 		intcon.inte=1;
0x01AE	0x160B      	BSF        INTCON, 4
;MyProject.c,38 :: 		option_reg.intedg=0; // passage de 1-->0
0x01AF	0x1683      	BSF        STATUS, 5
0x01B0	0x1301      	BCF        OPTION_REG, 6
;MyProject.c,39 :: 		intcon.rbie=1;
0x01B1	0x158B      	BSF        INTCON, 3
;MyProject.c,40 :: 		Lcd_Init();
0x01B2	0x213C      	CALL       _Lcd_Init
;MyProject.c,41 :: 		Lcd_Cmd(_LCD_CLEAR);               // Clear display
0x01B3	0x3001      	MOVLW      1
0x01B4	0x00EE      	MOVWF      FARG_Lcd_Cmd_out_char
0x01B5	0x2051      	CALL       _Lcd_Cmd
;MyProject.c,42 :: 		Lcd_Cmd(_LCD_CURSOR_OFF);          // Cursor off
0x01B6	0x300C      	MOVLW      12
0x01B7	0x00EE      	MOVWF      FARG_Lcd_Cmd_out_char
0x01B8	0x2051      	CALL       _Lcd_Cmd
;MyProject.c,43 :: 		Lcd_Out(1,4,txt1);
0x01B9	0x3001      	MOVLW      1
0x01BA	0x00E9      	MOVWF      FARG_Lcd_Out_row
0x01BB	0x3004      	MOVLW      4
0x01BC	0x00EA      	MOVWF      FARG_Lcd_Out_column
0x01BD	0x3024      	MOVLW      _txt1
0x01BE	0x00EB      	MOVWF      FARG_Lcd_Out_text
0x01BF	0x20FC      	CALL       _Lcd_Out
;MyProject.c,44 :: 		Lcd_Out(2,2,txt2);               // Write text in first row
0x01C0	0x3002      	MOVLW      2
0x01C1	0x00E9      	MOVWF      FARG_Lcd_Out_row
0x01C2	0x3002      	MOVLW      2
0x01C3	0x00EA      	MOVWF      FARG_Lcd_Out_column
0x01C4	0x304A      	MOVLW      _txt2
0x01C5	0x00EB      	MOVWF      FARG_Lcd_Out_text
0x01C6	0x20FC      	CALL       _Lcd_Out
;MyProject.c,45 :: 		Keypad_Init();
0x01C7	0x20F2      	CALL       _Keypad_Init
;MyProject.c,46 :: 		Keypad_Key_Click();
0x01C8	0x20E5      	CALL       _Keypad_Key_Click
;MyProject.c,47 :: 		Delay_ms(500);
0x01C9	0x3006      	MOVLW      6
0x01CA	0x00FB      	MOVWF      R11
0x01CB	0x3013      	MOVLW      19
0x01CC	0x00FC      	MOVWF      R12
0x01CD	0x30AD      	MOVLW      173
0x01CE	0x00FD      	MOVWF      R13
L_main3:
0x01CF	0x0BFD      	DECFSZ     R13, 1
0x01D0	0x29CF      	GOTO       L_main3
0x01D1	0x0BFC      	DECFSZ     R12, 1
0x01D2	0x29CF      	GOTO       L_main3
0x01D3	0x0BFB      	DECFSZ     R11, 1
0x01D4	0x29CF      	GOTO       L_main3
0x01D5	0x0000      	NOP
0x01D6	0x0000      	NOP
;MyProject.c,49 :: 		for (i=0;i<3;i++) {
0x01D7	0x01E4      	CLRF       _i
0x01D8	0x01E5      	CLRF       _i+1
L_main4:
0x01D9	0x3080      	MOVLW      128
0x01DA	0x0665      	XORWF      _i+1, 0
0x01DB	0x00F0      	MOVWF      R0
0x01DC	0x3080      	MOVLW      128
0x01DD	0x0270      	SUBWF      R0, 0
0x01DE	0x1D03      	BTFSS      STATUS, 2
0x01DF	0x29E2      	GOTO       L__main17
0x01E0	0x3003      	MOVLW      3
0x01E1	0x0264      	SUBWF      _i, 0
L__main17:
0x01E2	0x1803      	BTFSC      STATUS, 0
0x01E3	0x29F3      	GOTO       L_main5
;MyProject.c,50 :: 		char keyPressed = Keypad_Get_Key();
0x01E4	0x218A      	CALL       _Keypad_Get_Key
0x01E5	0x0870      	MOVF       R0, 0
0x01E6	0x00E8      	MOVWF      main_keyPressed_L1
;MyProject.c,51 :: 		if (keyPressed) {
0x01E7	0x0870      	MOVF       R0, 0
0x01E8	0x1903      	BTFSC      STATUS, 2
0x01E9	0x29EF      	GOTO       L_main7
;MyProject.c,52 :: 		inputCode[i] = keyPressed;
0x01EA	0x0864      	MOVF       _i, 0
0x01EB	0x3E5C      	ADDLW      _inputCode
0x01EC	0x0084      	MOVWF      FSR
0x01ED	0x0868      	MOVF       main_keyPressed_L1, 0
0x01EE	0x0080      	MOVWF      INDF
;MyProject.c,53 :: 		}
L_main7:
;MyProject.c,49 :: 		for (i=0;i<3;i++) {
0x01EF	0x0AE4      	INCF       _i, 1
0x01F0	0x1903      	BTFSC      STATUS, 2
0x01F1	0x0AE5      	INCF       _i+1, 1
;MyProject.c,54 :: 		}
0x01F2	0x29D9      	GOTO       L_main4
L_main5:
;MyProject.c,56 :: 		}
L_end_main:
0x01F3	0x29F3      	GOTO       $+0
; end of _main
0x022E	0x3024      	MOVLW      36
0x022F	0x0084      	MOVWF      FSR
0x0230	0x3035      	MOVLW      53
0x0231	0x1283      	BCF        STATUS, 5
0x0232	0x1303      	BCF        STATUS, 6
0x0233	0x00F0      	MOVWF      R0
0x0234	0x30F9      	MOVLW      249
0x0235	0x00D9      	MOVWF      ___DoICPAddr
0x0236	0x3001      	MOVLW      1
0x0237	0x00DA      	MOVWF      90
0x0238	0x2196      	CALL       406
0x0239	0x0008      	RETURN
;MyProject.c,0 :: ?ICS_txt1
0x01F9	0x3442 ;?ICS_txt1+0
0x01FA	0x3469 ;?ICS_txt1+1
0x01FB	0x3465 ;?ICS_txt1+2
0x01FC	0x346E ;?ICS_txt1+3
0x01FD	0x3476 ;?ICS_txt1+4
0x01FE	0x3465 ;?ICS_txt1+5
0x01FF	0x346E ;?ICS_txt1+6
0x0200	0x3475 ;?ICS_txt1+7
0x0201	0x3465 ;?ICS_txt1+8
0x0202	0x3400 ;?ICS_txt1+9
; end of ?ICS_txt1
;MyProject.c,0 :: ?ICS_txt4
0x0203	0x3441 ;?ICS_txt4+0
0x0204	0x3463 ;?ICS_txt4+1
0x0205	0x3463 ;?ICS_txt4+2
0x0206	0x34E9 ;?ICS_txt4+3
0x0207	0x3473 ;?ICS_txt4+4
0x0208	0x3420 ;?ICS_txt4+5
0x0209	0x3452 ;?ICS_txt4+6
0x020A	0x34E9 ;?ICS_txt4+7
0x020B	0x3466 ;?ICS_txt4+8
0x020C	0x3475 ;?ICS_txt4+9
0x020D	0x3473 ;?ICS_txt4+10
0x020E	0x34E9 ;?ICS_txt4+11
0x020F	0x3400 ;?ICS_txt4+12
; end of ?ICS_txt4
;MyProject.c,0 :: ?ICS_txt3
0x0210	0x3441 ;?ICS_txt3+0
0x0211	0x3463 ;?ICS_txt3+1
0x0212	0x3463 ;?ICS_txt3+2
0x0213	0x34E9 ;?ICS_txt3+3
0x0214	0x3473 ;?ICS_txt3+4
0x0215	0x3420 ;?ICS_txt3+5
0x0216	0x3461 ;?ICS_txt3+6
0x0217	0x3475 ;?ICS_txt3+7
0x0218	0x3474 ;?ICS_txt3+8
0x0219	0x346F ;?ICS_txt3+9
0x021A	0x3472 ;?ICS_txt3+10
0x021B	0x3469 ;?ICS_txt3+11
0x021C	0x3473 ;?ICS_txt3+12
0x021D	0x34E9 ;?ICS_txt3+13
0x021E	0x3400 ;?ICS_txt3+14
; end of ?ICS_txt3
;MyProject.c,0 :: ?ICS_txt2
0x021F	0x3453 ;?ICS_txt2+0
0x0220	0x3461 ;?ICS_txt2+1
0x0221	0x3469 ;?ICS_txt2+2
0x0222	0x3473 ;?ICS_txt2+3
0x0223	0x3469 ;?ICS_txt2+4
0x0224	0x3472 ;?ICS_txt2+5
0x0225	0x3420 ;?ICS_txt2+6
0x0226	0x346C ;?ICS_txt2+7
0x0227	0x3465 ;?ICS_txt2+8
0x0228	0x3420 ;?ICS_txt2+9
0x0229	0x3443 ;?ICS_txt2+10
0x022A	0x346F ;?ICS_txt2+11
0x022B	0x3464 ;?ICS_txt2+12
0x022C	0x3465 ;?ICS_txt2+13
0x022D	0x3400 ;?ICS_txt2+14
; end of ?ICS_txt2
Symbol List:
//** Routines locations **
//ADDRESS    SIZE    PROCEDURE
//----------------------------------------------
0x0004      [54]    _interrupt
0x003A       [3]    _Delay_1us
0x003D      [13]    _Delay_5500us
0x004A       [7]    _Delay_50us
0x0051      [64]    _Lcd_Cmd
0x0091       [8]    _Delay_10us
0x0099      [61]    _Keypad_Key_Press
0x00D6       [7]    _____DoICP
0x00DD       [8]    _Lcd_Chr_CP
0x00E5      [13]    _Keypad_Key_Click
0x00F2      [10]    _Keypad_Init
0x00FC      [64]    _Lcd_Out
0x013C      [78]    _Lcd_Init
0x018A      [12]    _Keypad_Get_Key
0x0196      [12]    ___CC2DW
0x01A2      [81]    _main
//** Variables locations ** 
//ADDRESS    SIZE    VARIABLE
//----------------------------------------------
0x0000       [1]    INDF
0x0002       [1]    PCL
0x0003       [1]    STATUS
0x0004       [1]    FSR
0x0005       [1]    PORTA
0x0006       [1]    PORTB
0x0007       [0]    RC4_bit
0x0007       [0]    RC1_bit
0x0007       [0]    RC0_bit
0x0007       [0]    RC3_bit
0x0007       [0]    RC2_bit
0x0007       [0]    LCD_D4
0x0007       [0]    LCD_EN
0x0007       [0]    LCD_D5
0x0007       [0]    LCD_D7
0x0007       [0]    LCD_D6
0x0007       [0]    LCD_RS
0x0007       [0]    RC5_bit
0x0008       [1]    keypadPort
0x0008       [1]    PORTD
0x0009       [1]    PORTE
0x000A       [1]    PCLATH
0x000B       [1]    INTCON
0x0024      [10]    _txt1
0x002E      [13]    _txt4
0x003B      [15]    _txt3
0x004A      [15]    _txt2
0x0059       [2]    ___DoICPAddr
0x005B       [0]    __Lib_Lcd_cmd_status
0x005C       [4]    _inputCode
0x0060       [4]    _ccode
0x0064       [2]    _i
0x0066       [1]    ___saveSTATUS
0x0067       [1]    ___savePCLATH
0x0068       [1]    main_keyPressed_L1
0x0069       [1]    Keypad_Get_Key_keyPressed_L0
0x0069       [1]    FARG_Lcd_Out_row
0x006A       [1]    FARG_Lcd_Out_column
0x006B       [1]    FARG_Lcd_Out_text
0x006C       [1]    Lcd_Out_i_L0
0x006D       [1]    Keypad_Key_Click_rslt_L0
0x006D       [1]    FARG_Lcd_Chr_CP_out_char
0x006E       [1]    Keypad_Key_Press_rslt_L0
0x006E       [1]    FARG_Lcd_Cmd_out_char
0x006F       [1]    Keypad_Key_Press_kdata_L0
0x0070       [1]    R0
0x0071       [1]    R1
0x0072       [1]    R2
0x0073       [1]    R3
0x0074       [1]    R4
0x0075       [1]    R5
0x0076       [1]    R6
0x0077       [1]    R7
0x0078       [1]    R8
0x0079       [1]    R9
0x007A       [1]    R10
0x007B       [1]    R11
0x007C       [1]    R12
0x007D       [1]    R13
0x007E       [1]    R14
0x007F       [1]    R15
0x0081       [1]    OPTION_REG
0x0086       [1]    TRISB
0x0087       [0]    TRISC4_bit
0x0087       [0]    TRISC3_bit
0x0087       [0]    TRISC2_bit
0x0087       [0]    TRISC5_bit
0x0087       [0]    TRISC1_bit
0x0087       [0]    LCD_D5_Direction
0x0087       [0]    LCD_D6_Direction
0x0087       [0]    LCD_D7_Direction
0x0087       [0]    LCD_D4_Direction
0x0087       [0]    TRISC0_bit
0x0087       [0]    LCD_RS_Direction
0x0087       [0]    LCD_EN_Direction
0x0088       [1]    TRISD
0x0089       [1]    TRISE
0x00A0       [1]    Keypad_Key_Press_loc_L0
0x00A1       [1]    Keypad_Key_Press_rowcnt_L0
0x00A2       [1]    Keypad_Key_Press_shifter_L0
//** Constants locations ** 
//ADDRESS    SIZE    CONSTANT
//----------------------------------------------
0x01F9      [10]    ?ICS_txt1
0x0203      [13]    ?ICS_txt4
0x0210      [15]    ?ICS_txt3
0x021F      [15]    ?ICS_txt2
