;  LST file generated by mikroListExporter - v.2.0 
; Date/Time: 04/12/2023 02:11:27
;----------------------------------------------

;Address Opcode 	ASM
0x0000	0x2A11      	GOTO       529
_Delay_1us:
;__Lib_Delays.c,7 :: 		void Delay_1us() {
;__Lib_Delays.c,8 :: 		Delay_us(1);
0x0003	0x0000      	NOP
0x0004	0x0000      	NOP
;__Lib_Delays.c,9 :: 		}
L_end_Delay_1us:
0x0005	0x0008      	RETURN
; end of _Delay_1us
_Delay_50us:
;__Lib_Delays.c,19 :: 		void Delay_50us() {
;__Lib_Delays.c,20 :: 		Delay_us(50);
0x0006	0x3021      	MOVLW      33
0x0007	0x1283      	BCF        STATUS, 5
0x0008	0x1303      	BCF        STATUS, 6
0x0009	0x00FD      	MOVWF      R13
L_Delay_50us2:
0x000A	0x0BFD      	DECFSZ     R13, 1
0x000B	0x280A      	GOTO       L_Delay_50us2
;__Lib_Delays.c,21 :: 		}
L_end_Delay_50us:
0x000C	0x0008      	RETURN
; end of _Delay_50us
_Delay_5500us:
;__Lib_Delays.c,31 :: 		void Delay_5500us() {
;__Lib_Delays.c,32 :: 		Delay_us(5500);
0x000D	0x300F      	MOVLW      15
0x000E	0x1283      	BCF        STATUS, 5
0x000F	0x1303      	BCF        STATUS, 6
0x0010	0x00FC      	MOVWF      R12
0x0011	0x3047      	MOVLW      71
0x0012	0x00FD      	MOVWF      R13
L_Delay_5500us5:
0x0013	0x0BFD      	DECFSZ     R13, 1
0x0014	0x2813      	GOTO       L_Delay_5500us5
0x0015	0x0BFC      	DECFSZ     R12, 1
0x0016	0x2813      	GOTO       L_Delay_5500us5
0x0017	0x0000      	NOP
0x0018	0x0000      	NOP
;__Lib_Delays.c,33 :: 		}
L_end_Delay_5500us:
0x0019	0x0008      	RETURN
; end of _Delay_5500us
_Delay_10us:
;__Lib_Delays.c,11 :: 		void Delay_10us() {
;__Lib_Delays.c,12 :: 		Delay_us(10);
0x001A	0x3006      	MOVLW      6
0x001B	0x1283      	BCF        STATUS, 5
0x001C	0x1303      	BCF        STATUS, 6
0x001D	0x00FD      	MOVWF      R13
L_Delay_10us0:
0x001E	0x0BFD      	DECFSZ     R13, 1
0x001F	0x281E      	GOTO       L_Delay_10us0
0x0020	0x0000      	NOP
;__Lib_Delays.c,13 :: 		}
L_end_Delay_10us:
0x0021	0x0008      	RETURN
; end of _Delay_10us
_Keypad_Key_Press:
;__Lib_Keypad4x4.c,39 :: 		
;__Lib_Keypad4x4.c,43 :: 		
0x0022	0x1683      	BSF        STATUS, 5
0x0023	0x1303      	BCF        STATUS, 6
0x0024	0x01CE      	CLRF       Keypad_Key_Press_rslt_L0
;__Lib_Keypad4x4.c,44 :: 		
0x0025	0x01D0      	CLRF       Keypad_Key_Press_loc_L0
;__Lib_Keypad4x4.c,45 :: 		
0x0026	0x01D1      	CLRF       Keypad_Key_Press_rowcnt_L0
;__Lib_Keypad4x4.c,46 :: 		
0x0027	0x3010      	MOVLW      16
0x0028	0x00D2      	MOVWF      Keypad_Key_Press_shifter_L0
;__Lib_Keypad4x4.c,48 :: 		
L_Keypad_Key_Press0:
0x0029	0x3004      	MOVLW      4
0x002A	0x0251      	SUBWF      Keypad_Key_Press_rowcnt_L0, 0
0x002B	0x1803      	BTFSC      STATUS, 0
0x002C	0x2857      	GOTO       L_Keypad_Key_Press1
;__Lib_Keypad4x4.c,50 :: 		
0x002D	0x30F0      	MOVLW      240
0x002E	0x1283      	BCF        STATUS, 5
0x002F	0x0088      	MOVWF      keypadPort
;__Lib_Keypad4x4.c,51 :: 		
0x0030	0x3080      	MOVLW      128
0x0031	0x00F0      	MOVWF      R0
0x0032	0x0870      	MOVF       R0, 0
0x0033	0x3E08      	ADDLW      keypadPort
0x0034	0x0084      	MOVWF      FSR
0x0035	0x1683      	BSF        STATUS, 5
0x0036	0x0952      	COMF       Keypad_Key_Press_shifter_L0, 0
0x0037	0x00F0      	MOVWF      R0
0x0038	0x0870      	MOVF       R0, 0
0x0039	0x0080      	MOVWF      INDF
;__Lib_Keypad4x4.c,55 :: 		
0x003A	0x2003      	CALL       _Delay_1us
;__Lib_Keypad4x4.c,56 :: 		
0x003B	0x2003      	CALL       _Delay_1us
;__Lib_Keypad4x4.c,57 :: 		
0x003C	0x300F      	MOVLW      15
0x003D	0x1283      	BCF        STATUS, 5
0x003E	0x0508      	ANDWF      keypadPort, 0
0x003F	0x00F0      	MOVWF      R0
0x0040	0x0870      	MOVF       R0, 0
0x0041	0x1683      	BSF        STATUS, 5
0x0042	0x00CF      	MOVWF      Keypad_Key_Press_kdata_L0
;__Lib_Keypad4x4.c,58 :: 		
0x0043	0x0870      	MOVF       R0, 0
0x0044	0x1903      	BTFSC      STATUS, 2
0x0045	0x2851      	GOTO       L_Keypad_Key_Press2
;__Lib_Keypad4x4.c,60 :: 		
0x0046	0x0850      	MOVF       Keypad_Key_Press_loc_L0, 0
0x0047	0x00CE      	MOVWF      Keypad_Key_Press_rslt_L0
;__Lib_Keypad4x4.c,61 :: 		
L_Keypad_Key_Press3:
0x0048	0x084F      	MOVF       Keypad_Key_Press_kdata_L0, 0
0x0049	0x1903      	BTFSC      STATUS, 2
0x004A	0x284F      	GOTO       L_Keypad_Key_Press4
;__Lib_Keypad4x4.c,62 :: 		
0x004B	0x0CCF      	RRF        Keypad_Key_Press_kdata_L0, 1
0x004C	0x13CF      	BCF        Keypad_Key_Press_kdata_L0, 7
;__Lib_Keypad4x4.c,63 :: 		
0x004D	0x0ACE      	INCF       Keypad_Key_Press_rslt_L0, 1
;__Lib_Keypad4x4.c,64 :: 		
0x004E	0x2848      	GOTO       L_Keypad_Key_Press3
L_Keypad_Key_Press4:
;__Lib_Keypad4x4.c,66 :: 		
0x004F	0x3004      	MOVLW      4
0x0050	0x00D1      	MOVWF      Keypad_Key_Press_rowcnt_L0
;__Lib_Keypad4x4.c,67 :: 		
L_Keypad_Key_Press2:
;__Lib_Keypad4x4.c,68 :: 		
0x0051	0x0DD2      	RLF        Keypad_Key_Press_shifter_L0, 1
0x0052	0x1052      	BCF        Keypad_Key_Press_shifter_L0, 0
;__Lib_Keypad4x4.c,69 :: 		
0x0053	0x3004      	MOVLW      4
0x0054	0x07D0      	ADDWF      Keypad_Key_Press_loc_L0, 1
;__Lib_Keypad4x4.c,70 :: 		
0x0055	0x0AD1      	INCF       Keypad_Key_Press_rowcnt_L0, 1
;__Lib_Keypad4x4.c,71 :: 		
0x0056	0x2829      	GOTO       L_Keypad_Key_Press0
L_Keypad_Key_Press1:
;__Lib_Keypad4x4.c,73 :: 		
0x0057	0x084E      	MOVF       Keypad_Key_Press_rslt_L0, 0
0x0058	0x00F0      	MOVWF      R0
;__Lib_Keypad4x4.c,74 :: 		
L_end_Keypad_Key_Press:
0x0059	0x0008      	RETURN
; end of _Keypad_Key_Press
_Lcd_Cmd:
;__Lib_Lcd.c,18 :: 		
;__Lib_Lcd.c,20 :: 		
0x005A	0x1683      	BSF        STATUS, 5
0x005B	0x1303      	BCF        STATUS, 6
0x005C	0x1BCE      	BTFSC      FARG_Lcd_Cmd_out_char, 7
0x005D	0x2861      	GOTO       L__Lcd_Cmd21
0x005E	0x1283      	BCF        STATUS, 5
0x005F	0x1187      	BCF        LCD_D7, BitPos(LCD_D7+0)
0x0060	0x2863      	GOTO       L__Lcd_Cmd22
L__Lcd_Cmd21:
0x0061	0x1283      	BCF        STATUS, 5
0x0062	0x1587      	BSF        LCD_D7, BitPos(LCD_D7+0)
L__Lcd_Cmd22:
;__Lib_Lcd.c,21 :: 		
0x0063	0x1683      	BSF        STATUS, 5
0x0064	0x1B4E      	BTFSC      FARG_Lcd_Cmd_out_char, 6
0x0065	0x2869      	GOTO       L__Lcd_Cmd23
0x0066	0x1283      	BCF        STATUS, 5
0x0067	0x1107      	BCF        LCD_D6, BitPos(LCD_D6+0)
0x0068	0x286B      	GOTO       L__Lcd_Cmd24
L__Lcd_Cmd23:
0x0069	0x1283      	BCF        STATUS, 5
0x006A	0x1507      	BSF        LCD_D6, BitPos(LCD_D6+0)
L__Lcd_Cmd24:
;__Lib_Lcd.c,22 :: 		
0x006B	0x1683      	BSF        STATUS, 5
0x006C	0x1ACE      	BTFSC      FARG_Lcd_Cmd_out_char, 5
0x006D	0x2871      	GOTO       L__Lcd_Cmd25
0x006E	0x1283      	BCF        STATUS, 5
0x006F	0x1087      	BCF        LCD_D5, BitPos(LCD_D5+0)
0x0070	0x2873      	GOTO       L__Lcd_Cmd26
L__Lcd_Cmd25:
0x0071	0x1283      	BCF        STATUS, 5
0x0072	0x1487      	BSF        LCD_D5, BitPos(LCD_D5+0)
L__Lcd_Cmd26:
;__Lib_Lcd.c,23 :: 		
0x0073	0x1683      	BSF        STATUS, 5
0x0074	0x1A4E      	BTFSC      FARG_Lcd_Cmd_out_char, 4
0x0075	0x2879      	GOTO       L__Lcd_Cmd27
0x0076	0x1283      	BCF        STATUS, 5
0x0077	0x1007      	BCF        LCD_D4, BitPos(LCD_D4+0)
0x0078	0x287B      	GOTO       L__Lcd_Cmd28
L__Lcd_Cmd27:
0x0079	0x1283      	BCF        STATUS, 5
0x007A	0x1407      	BSF        LCD_D4, BitPos(LCD_D4+0)
L__Lcd_Cmd28:
;__Lib_Lcd.c,25 :: 		
0x007B	0x186E      	BTFSC      __Lib_Lcd_cmd_status, BitPos(__Lib_Lcd_cmd_status+0)
0x007C	0x287F      	GOTO       L__Lcd_Cmd29
0x007D	0x1607      	BSF        LCD_RS, BitPos(LCD_RS+0)
0x007E	0x2880      	GOTO       L__Lcd_Cmd30
L__Lcd_Cmd29:
0x007F	0x1207      	BCF        LCD_RS, BitPos(LCD_RS+0)
L__Lcd_Cmd30:
;__Lib_Lcd.c,28 :: 		
0x0080	0x1687      	BSF        LCD_EN, BitPos(LCD_EN+0)
;__Lib_Lcd.c,29 :: 		
0x0081	0x2003      	CALL       _Delay_1us
;__Lib_Lcd.c,30 :: 		
0x0082	0x1287      	BCF        LCD_EN, BitPos(LCD_EN+0)
;__Lib_Lcd.c,33 :: 		
0x0083	0x1683      	BSF        STATUS, 5
0x0084	0x19CE      	BTFSC      FARG_Lcd_Cmd_out_char, 3
0x0085	0x2889      	GOTO       L__Lcd_Cmd31
0x0086	0x1283      	BCF        STATUS, 5
0x0087	0x1187      	BCF        LCD_D7, BitPos(LCD_D7+0)
0x0088	0x288B      	GOTO       L__Lcd_Cmd32
L__Lcd_Cmd31:
0x0089	0x1283      	BCF        STATUS, 5
0x008A	0x1587      	BSF        LCD_D7, BitPos(LCD_D7+0)
L__Lcd_Cmd32:
;__Lib_Lcd.c,34 :: 		
0x008B	0x1683      	BSF        STATUS, 5
0x008C	0x194E      	BTFSC      FARG_Lcd_Cmd_out_char, 2
0x008D	0x2891      	GOTO       L__Lcd_Cmd33
0x008E	0x1283      	BCF        STATUS, 5
0x008F	0x1107      	BCF        LCD_D6, BitPos(LCD_D6+0)
0x0090	0x2893      	GOTO       L__Lcd_Cmd34
L__Lcd_Cmd33:
0x0091	0x1283      	BCF        STATUS, 5
0x0092	0x1507      	BSF        LCD_D6, BitPos(LCD_D6+0)
L__Lcd_Cmd34:
;__Lib_Lcd.c,35 :: 		
0x0093	0x1683      	BSF        STATUS, 5
0x0094	0x18CE      	BTFSC      FARG_Lcd_Cmd_out_char, 1
0x0095	0x2899      	GOTO       L__Lcd_Cmd35
0x0096	0x1283      	BCF        STATUS, 5
0x0097	0x1087      	BCF        LCD_D5, BitPos(LCD_D5+0)
0x0098	0x289B      	GOTO       L__Lcd_Cmd36
L__Lcd_Cmd35:
0x0099	0x1283      	BCF        STATUS, 5
0x009A	0x1487      	BSF        LCD_D5, BitPos(LCD_D5+0)
L__Lcd_Cmd36:
;__Lib_Lcd.c,36 :: 		
0x009B	0x1683      	BSF        STATUS, 5
0x009C	0x184E      	BTFSC      FARG_Lcd_Cmd_out_char, 0
0x009D	0x28A1      	GOTO       L__Lcd_Cmd37
0x009E	0x1283      	BCF        STATUS, 5
0x009F	0x1007      	BCF        LCD_D4, BitPos(LCD_D4+0)
0x00A0	0x28A3      	GOTO       L__Lcd_Cmd38
L__Lcd_Cmd37:
0x00A1	0x1283      	BCF        STATUS, 5
0x00A2	0x1407      	BSF        LCD_D4, BitPos(LCD_D4+0)
L__Lcd_Cmd38:
;__Lib_Lcd.c,38 :: 		
0x00A3	0x186E      	BTFSC      __Lib_Lcd_cmd_status, BitPos(__Lib_Lcd_cmd_status+0)
0x00A4	0x28A7      	GOTO       L__Lcd_Cmd39
0x00A5	0x1607      	BSF        LCD_RS, BitPos(LCD_RS+0)
0x00A6	0x28A8      	GOTO       L__Lcd_Cmd40
L__Lcd_Cmd39:
0x00A7	0x1207      	BCF        LCD_RS, BitPos(LCD_RS+0)
L__Lcd_Cmd40:
;__Lib_Lcd.c,40 :: 		
0x00A8	0x1687      	BSF        LCD_EN, BitPos(LCD_EN+0)
;__Lib_Lcd.c,41 :: 		
0x00A9	0x2003      	CALL       _Delay_1us
;__Lib_Lcd.c,42 :: 		
0x00AA	0x1287      	BCF        LCD_EN, BitPos(LCD_EN+0)
;__Lib_Lcd.c,44 :: 		
0x00AB	0x1C6E      	BTFSS      __Lib_Lcd_cmd_status, BitPos(__Lib_Lcd_cmd_status+0)
0x00AC	0x28AF      	GOTO       L_Lcd_Cmd0
;__Lib_Lcd.c,45 :: 		
0x00AD	0x200D      	CALL       _Delay_5500us
0x00AE	0x28B0      	GOTO       L_Lcd_Cmd1
L_Lcd_Cmd0:
;__Lib_Lcd.c,47 :: 		
0x00AF	0x2006      	CALL       _Delay_50us
L_Lcd_Cmd1:
;__Lib_Lcd.c,48 :: 		
L_end_Lcd_Cmd:
0x00B0	0x0008      	RETURN
; end of _Lcd_Cmd
_____DoICP:
;__Lib_System.c,6 :: 		
;__Lib_System.c,9 :: 		
0x00B1	0x1683      	BSF        STATUS, 5
0x00B2	0x1303      	BCF        STATUS, 6
0x00B3	0x0848      	MOVF       ___DoICPAddr+1, 0
0x00B4	0x008A      	MOVWF      PCLATH
;__Lib_System.c,10 :: 		
0x00B5	0x0847      	MOVF       ___DoICPAddr, 0
0x00B6	0x0082      	MOVWF      PCL
;__Lib_System.c,12 :: 		
L_end_____DoICP:
0x00B7	0x0008      	RETURN
; end of _____DoICP
_Keypad_Key_Click:
;__Lib_Keypad4x4.c,77 :: 		
;__Lib_Keypad4x4.c,81 :: 		
0x00B8	0x2022      	CALL       _Keypad_Key_Press
0x00B9	0x0870      	MOVF       R0, 0
0x00BA	0x00CD      	MOVWF      Keypad_Key_Click_rslt_L0
;__Lib_Keypad4x4.c,83 :: 		
L_Keypad_Key_Click5:
0x00BB	0x300F      	MOVLW      15
0x00BC	0x1283      	BCF        STATUS, 5
0x00BD	0x0508      	ANDWF      keypadPort, 0
0x00BE	0x00F0      	MOVWF      R0
0x00BF	0x1903      	BTFSC      STATUS, 2
0x00C0	0x28C3      	GOTO       L_Keypad_Key_Click6
;__Lib_Keypad4x4.c,84 :: 		
0x00C1	0x201A      	CALL       _Delay_10us
0x00C2	0x28BB      	GOTO       L_Keypad_Key_Click5
L_Keypad_Key_Click6:
;__Lib_Keypad4x4.c,86 :: 		
0x00C3	0x1683      	BSF        STATUS, 5
0x00C4	0x084D      	MOVF       Keypad_Key_Click_rslt_L0, 0
0x00C5	0x00F0      	MOVWF      R0
;__Lib_Keypad4x4.c,87 :: 		
L_end_Keypad_Key_Click:
0x00C6	0x0008      	RETURN
; end of _Keypad_Key_Click
_Lcd_Chr_CP:
;__Lib_Lcd.c,50 :: 		
;__Lib_Lcd.c,52 :: 		
0x00C7	0x1283      	BCF        STATUS, 5
0x00C8	0x1303      	BCF        STATUS, 6
0x00C9	0x106E      	BCF        __Lib_Lcd_cmd_status, BitPos(__Lib_Lcd_cmd_status+0)
;__Lib_Lcd.c,53 :: 		
0x00CA	0x1683      	BSF        STATUS, 5
0x00CB	0x084D      	MOVF       FARG_Lcd_Chr_CP_out_char, 0
0x00CC	0x00CE      	MOVWF      FARG_Lcd_Cmd_out_char
0x00CD	0x205A      	CALL       _Lcd_Cmd
;__Lib_Lcd.c,54 :: 		
0x00CE	0x146E      	BSF        __Lib_Lcd_cmd_status, BitPos(__Lib_Lcd_cmd_status+0)
;__Lib_Lcd.c,55 :: 		
L_end_Lcd_Chr_CP:
0x00CF	0x0008      	RETURN
; end of _Lcd_Chr_CP
_GetKeyPressed:
;clavier.c,29 :: 		unsigned short GetKeyPressed(void)
;clavier.c,31 :: 		kp=0;
0x00D0	0x1283      	BCF        STATUS, 5
0x00D1	0x1303      	BCF        STATUS, 6
0x00D2	0x01EF      	CLRF       _kp
;clavier.c,32 :: 		do
L_GetKeyPressed0:
;clavier.c,34 :: 		kp = Keypad_Key_Click();
0x00D3	0x20B8      	CALL       _Keypad_Key_Click
0x00D4	0x0870      	MOVF       R0, 0
0x00D5	0x1283      	BCF        STATUS, 5
0x00D6	0x00EF      	MOVWF      _kp
;clavier.c,35 :: 		while (!kp);
0x00D7	0x0870      	MOVF       R0, 0
0x00D8	0x1903      	BTFSC      STATUS, 2
0x00D9	0x28D3      	GOTO       L_GetKeyPressed0
;clavier.c,37 :: 		switch (kp)
0x00DA	0x28FF      	GOTO       L_GetKeyPressed3
;clavier.c,39 :: 		case  1: kp = 49; break; // 1
L_GetKeyPressed5:
0x00DB	0x3031      	MOVLW      49
0x00DC	0x00EF      	MOVWF      _kp
0x00DD	0x292F      	GOTO       L_GetKeyPressed4
;clavier.c,40 :: 		case  2: kp = 50; break; // 2
L_GetKeyPressed6:
0x00DE	0x3032      	MOVLW      50
0x00DF	0x00EF      	MOVWF      _kp
0x00E0	0x292F      	GOTO       L_GetKeyPressed4
;clavier.c,41 :: 		case  3: kp = 51; break; // 3
L_GetKeyPressed7:
0x00E1	0x3033      	MOVLW      51
0x00E2	0x00EF      	MOVWF      _kp
0x00E3	0x292F      	GOTO       L_GetKeyPressed4
;clavier.c,42 :: 		case  5: kp = 52; break; // 4
L_GetKeyPressed8:
0x00E4	0x3034      	MOVLW      52
0x00E5	0x00EF      	MOVWF      _kp
0x00E6	0x292F      	GOTO       L_GetKeyPressed4
;clavier.c,43 :: 		case  6: kp = 53; break; // 5
L_GetKeyPressed9:
0x00E7	0x3035      	MOVLW      53
0x00E8	0x00EF      	MOVWF      _kp
0x00E9	0x292F      	GOTO       L_GetKeyPressed4
;clavier.c,44 :: 		case  7: kp = 54; break; // 6
L_GetKeyPressed10:
0x00EA	0x3036      	MOVLW      54
0x00EB	0x00EF      	MOVWF      _kp
0x00EC	0x292F      	GOTO       L_GetKeyPressed4
;clavier.c,45 :: 		case  9: kp = 55; break; // 7
L_GetKeyPressed11:
0x00ED	0x3037      	MOVLW      55
0x00EE	0x00EF      	MOVWF      _kp
0x00EF	0x292F      	GOTO       L_GetKeyPressed4
;clavier.c,46 :: 		case 10: kp = 56; break; // 8
L_GetKeyPressed12:
0x00F0	0x3038      	MOVLW      56
0x00F1	0x00EF      	MOVWF      _kp
0x00F2	0x292F      	GOTO       L_GetKeyPressed4
;clavier.c,47 :: 		case 11: kp = 57; break; // 9
L_GetKeyPressed13:
0x00F3	0x3039      	MOVLW      57
0x00F4	0x00EF      	MOVWF      _kp
0x00F5	0x292F      	GOTO       L_GetKeyPressed4
;clavier.c,48 :: 		case 13: kp = 42; break; // *
L_GetKeyPressed14:
0x00F6	0x302A      	MOVLW      42
0x00F7	0x00EF      	MOVWF      _kp
0x00F8	0x292F      	GOTO       L_GetKeyPressed4
;clavier.c,49 :: 		case 14: kp = 48; break; // 0
L_GetKeyPressed15:
0x00F9	0x3030      	MOVLW      48
0x00FA	0x00EF      	MOVWF      _kp
0x00FB	0x292F      	GOTO       L_GetKeyPressed4
;clavier.c,50 :: 		case 15: kp = 35; break; // #
L_GetKeyPressed16:
0x00FC	0x3023      	MOVLW      35
0x00FD	0x00EF      	MOVWF      _kp
0x00FE	0x292F      	GOTO       L_GetKeyPressed4
;clavier.c,51 :: 		}
L_GetKeyPressed3:
0x00FF	0x086F      	MOVF       _kp, 0
0x0100	0x3A01      	XORLW      1
0x0101	0x1903      	BTFSC      STATUS, 2
0x0102	0x28DB      	GOTO       L_GetKeyPressed5
0x0103	0x086F      	MOVF       _kp, 0
0x0104	0x3A02      	XORLW      2
0x0105	0x1903      	BTFSC      STATUS, 2
0x0106	0x28DE      	GOTO       L_GetKeyPressed6
0x0107	0x086F      	MOVF       _kp, 0
0x0108	0x3A03      	XORLW      3
0x0109	0x1903      	BTFSC      STATUS, 2
0x010A	0x28E1      	GOTO       L_GetKeyPressed7
0x010B	0x086F      	MOVF       _kp, 0
0x010C	0x3A05      	XORLW      5
0x010D	0x1903      	BTFSC      STATUS, 2
0x010E	0x28E4      	GOTO       L_GetKeyPressed8
0x010F	0x086F      	MOVF       _kp, 0
0x0110	0x3A06      	XORLW      6
0x0111	0x1903      	BTFSC      STATUS, 2
0x0112	0x28E7      	GOTO       L_GetKeyPressed9
0x0113	0x086F      	MOVF       _kp, 0
0x0114	0x3A07      	XORLW      7
0x0115	0x1903      	BTFSC      STATUS, 2
0x0116	0x28EA      	GOTO       L_GetKeyPressed10
0x0117	0x086F      	MOVF       _kp, 0
0x0118	0x3A09      	XORLW      9
0x0119	0x1903      	BTFSC      STATUS, 2
0x011A	0x28ED      	GOTO       L_GetKeyPressed11
0x011B	0x086F      	MOVF       _kp, 0
0x011C	0x3A0A      	XORLW      10
0x011D	0x1903      	BTFSC      STATUS, 2
0x011E	0x28F0      	GOTO       L_GetKeyPressed12
0x011F	0x086F      	MOVF       _kp, 0
0x0120	0x3A0B      	XORLW      11
0x0121	0x1903      	BTFSC      STATUS, 2
0x0122	0x28F3      	GOTO       L_GetKeyPressed13
0x0123	0x086F      	MOVF       _kp, 0
0x0124	0x3A0D      	XORLW      13
0x0125	0x1903      	BTFSC      STATUS, 2
0x0126	0x28F6      	GOTO       L_GetKeyPressed14
0x0127	0x086F      	MOVF       _kp, 0
0x0128	0x3A0E      	XORLW      14
0x0129	0x1903      	BTFSC      STATUS, 2
0x012A	0x28F9      	GOTO       L_GetKeyPressed15
0x012B	0x086F      	MOVF       _kp, 0
0x012C	0x3A0F      	XORLW      15
0x012D	0x1903      	BTFSC      STATUS, 2
0x012E	0x28FC      	GOTO       L_GetKeyPressed16
L_GetKeyPressed4:
;clavier.c,52 :: 		return kp ;
0x012F	0x086F      	MOVF       _kp, 0
0x0130	0x00F0      	MOVWF      R0
;clavier.c,53 :: 		}
L_end_GetKeyPressed:
0x0131	0x0008      	RETURN
; end of _GetKeyPressed
_Lcd_Chr:
;__Lib_Lcd.c,65 :: 		
;__Lib_Lcd.c,66 :: 		
0x0132	0x2944      	GOTO       L_Lcd_Chr4
;__Lib_Lcd.c,67 :: 		
L_Lcd_Chr6:
0x0133	0x3080      	MOVLW      128
0x0134	0x1683      	BSF        STATUS, 5
0x0135	0x1303      	BCF        STATUS, 6
0x0136	0x00C9      	MOVWF      FARG_Lcd_Chr_row
0x0137	0x2957      	GOTO       L_Lcd_Chr5
;__Lib_Lcd.c,68 :: 		
L_Lcd_Chr7:
0x0138	0x30C0      	MOVLW      192
0x0139	0x00C9      	MOVWF      FARG_Lcd_Chr_row
0x013A	0x2957      	GOTO       L_Lcd_Chr5
;__Lib_Lcd.c,69 :: 		
L_Lcd_Chr8:
0x013B	0x3094      	MOVLW      148
0x013C	0x00C9      	MOVWF      FARG_Lcd_Chr_row
0x013D	0x2957      	GOTO       L_Lcd_Chr5
;__Lib_Lcd.c,70 :: 		
L_Lcd_Chr9:
0x013E	0x30D4      	MOVLW      212
0x013F	0x00C9      	MOVWF      FARG_Lcd_Chr_row
0x0140	0x2957      	GOTO       L_Lcd_Chr5
;__Lib_Lcd.c,71 :: 		
L_Lcd_Chr10:
0x0141	0x3080      	MOVLW      128
0x0142	0x00C9      	MOVWF      FARG_Lcd_Chr_row
;__Lib_Lcd.c,72 :: 		
0x0143	0x2957      	GOTO       L_Lcd_Chr5
L_Lcd_Chr4:
0x0144	0x1683      	BSF        STATUS, 5
0x0145	0x1303      	BCF        STATUS, 6
0x0146	0x0849      	MOVF       FARG_Lcd_Chr_row, 0
0x0147	0x3A01      	XORLW      1
0x0148	0x1903      	BTFSC      STATUS, 2
0x0149	0x2933      	GOTO       L_Lcd_Chr6
0x014A	0x0849      	MOVF       FARG_Lcd_Chr_row, 0
0x014B	0x3A02      	XORLW      2
0x014C	0x1903      	BTFSC      STATUS, 2
0x014D	0x2938      	GOTO       L_Lcd_Chr7
0x014E	0x0849      	MOVF       FARG_Lcd_Chr_row, 0
0x014F	0x3A03      	XORLW      3
0x0150	0x1903      	BTFSC      STATUS, 2
0x0151	0x293B      	GOTO       L_Lcd_Chr8
0x0152	0x0849      	MOVF       FARG_Lcd_Chr_row, 0
0x0153	0x3A04      	XORLW      4
0x0154	0x1903      	BTFSC      STATUS, 2
0x0155	0x293E      	GOTO       L_Lcd_Chr9
0x0156	0x2941      	GOTO       L_Lcd_Chr10
L_Lcd_Chr5:
;__Lib_Lcd.c,74 :: 		
0x0157	0x034A      	DECF       FARG_Lcd_Chr_column, 0
0x0158	0x00F0      	MOVWF      R0
0x0159	0x0849      	MOVF       FARG_Lcd_Chr_row, 0
0x015A	0x07F0      	ADDWF      R0, 1
0x015B	0x0870      	MOVF       R0, 0
0x015C	0x00C9      	MOVWF      FARG_Lcd_Chr_row
;__Lib_Lcd.c,76 :: 		
0x015D	0x1283      	BCF        STATUS, 5
0x015E	0x146E      	BSF        __Lib_Lcd_cmd_status, BitPos(__Lib_Lcd_cmd_status+0)
;__Lib_Lcd.c,77 :: 		
0x015F	0x0870      	MOVF       R0, 0
0x0160	0x1683      	BSF        STATUS, 5
0x0161	0x00CE      	MOVWF      FARG_Lcd_Cmd_out_char
0x0162	0x205A      	CALL       _Lcd_Cmd
;__Lib_Lcd.c,79 :: 		
0x0163	0x106E      	BCF        __Lib_Lcd_cmd_status, BitPos(__Lib_Lcd_cmd_status+0)
;__Lib_Lcd.c,80 :: 		
0x0164	0x1683      	BSF        STATUS, 5
0x0165	0x084B      	MOVF       FARG_Lcd_Chr_out_char, 0
0x0166	0x00CE      	MOVWF      FARG_Lcd_Cmd_out_char
0x0167	0x205A      	CALL       _Lcd_Cmd
;__Lib_Lcd.c,81 :: 		
0x0168	0x146E      	BSF        __Lib_Lcd_cmd_status, BitPos(__Lib_Lcd_cmd_status+0)
;__Lib_Lcd.c,82 :: 		
L_end_Lcd_Chr:
0x0169	0x0008      	RETURN
; end of _Lcd_Chr
_Lcd_Out:
;__Lib_Lcd.c,184 :: 		
;__Lib_Lcd.c,187 :: 		
0x016A	0x297C      	GOTO       L_Lcd_Out11
;__Lib_Lcd.c,188 :: 		
L_Lcd_Out13:
0x016B	0x3080      	MOVLW      128
0x016C	0x1683      	BSF        STATUS, 5
0x016D	0x1303      	BCF        STATUS, 6
0x016E	0x00C9      	MOVWF      FARG_Lcd_Out_row
0x016F	0x298F      	GOTO       L_Lcd_Out12
;__Lib_Lcd.c,189 :: 		
L_Lcd_Out14:
0x0170	0x30C0      	MOVLW      192
0x0171	0x00C9      	MOVWF      FARG_Lcd_Out_row
0x0172	0x298F      	GOTO       L_Lcd_Out12
;__Lib_Lcd.c,190 :: 		
L_Lcd_Out15:
0x0173	0x3094      	MOVLW      148
0x0174	0x00C9      	MOVWF      FARG_Lcd_Out_row
0x0175	0x298F      	GOTO       L_Lcd_Out12
;__Lib_Lcd.c,191 :: 		
L_Lcd_Out16:
0x0176	0x30D4      	MOVLW      212
0x0177	0x00C9      	MOVWF      FARG_Lcd_Out_row
0x0178	0x298F      	GOTO       L_Lcd_Out12
;__Lib_Lcd.c,192 :: 		
L_Lcd_Out17:
0x0179	0x3080      	MOVLW      128
0x017A	0x00C9      	MOVWF      FARG_Lcd_Out_row
;__Lib_Lcd.c,193 :: 		
0x017B	0x298F      	GOTO       L_Lcd_Out12
L_Lcd_Out11:
0x017C	0x1683      	BSF        STATUS, 5
0x017D	0x1303      	BCF        STATUS, 6
0x017E	0x0849      	MOVF       FARG_Lcd_Out_row, 0
0x017F	0x3A01      	XORLW      1
0x0180	0x1903      	BTFSC      STATUS, 2
0x0181	0x296B      	GOTO       L_Lcd_Out13
0x0182	0x0849      	MOVF       FARG_Lcd_Out_row, 0
0x0183	0x3A02      	XORLW      2
0x0184	0x1903      	BTFSC      STATUS, 2
0x0185	0x2970      	GOTO       L_Lcd_Out14
0x0186	0x0849      	MOVF       FARG_Lcd_Out_row, 0
0x0187	0x3A03      	XORLW      3
0x0188	0x1903      	BTFSC      STATUS, 2
0x0189	0x2973      	GOTO       L_Lcd_Out15
0x018A	0x0849      	MOVF       FARG_Lcd_Out_row, 0
0x018B	0x3A04      	XORLW      4
0x018C	0x1903      	BTFSC      STATUS, 2
0x018D	0x2976      	GOTO       L_Lcd_Out16
0x018E	0x2979      	GOTO       L_Lcd_Out17
L_Lcd_Out12:
;__Lib_Lcd.c,194 :: 		
0x018F	0x034A      	DECF       FARG_Lcd_Out_column, 0
0x0190	0x00F0      	MOVWF      R0
0x0191	0x0849      	MOVF       FARG_Lcd_Out_row, 0
0x0192	0x07F0      	ADDWF      R0, 1
0x0193	0x0870      	MOVF       R0, 0
0x0194	0x00C9      	MOVWF      FARG_Lcd_Out_row
;__Lib_Lcd.c,196 :: 		
0x0195	0x0870      	MOVF       R0, 0
0x0196	0x00CE      	MOVWF      FARG_Lcd_Cmd_out_char
0x0197	0x205A      	CALL       _Lcd_Cmd
;__Lib_Lcd.c,197 :: 		
0x0198	0x106E      	BCF        __Lib_Lcd_cmd_status, BitPos(__Lib_Lcd_cmd_status+0)
;__Lib_Lcd.c,198 :: 		
0x0199	0x1683      	BSF        STATUS, 5
0x019A	0x01CC      	CLRF       Lcd_Out_i_L0
;__Lib_Lcd.c,199 :: 		
L_Lcd_Out18:
0x019B	0x084C      	MOVF       Lcd_Out_i_L0, 0
0x019C	0x074B      	ADDWF      FARG_Lcd_Out_text, 0
0x019D	0x0084      	MOVWF      FSR
0x019E	0x0800      	MOVF       INDF, 0
0x019F	0x1903      	BTFSC      STATUS, 2
0x01A0	0x29AA      	GOTO       L_Lcd_Out19
;__Lib_Lcd.c,200 :: 		
0x01A1	0x084C      	MOVF       Lcd_Out_i_L0, 0
0x01A2	0x074B      	ADDWF      FARG_Lcd_Out_text, 0
0x01A3	0x0084      	MOVWF      FSR
0x01A4	0x0800      	MOVF       INDF, 0
0x01A5	0x00CD      	MOVWF      FARG_Lcd_Chr_CP_out_char
0x01A6	0x20C7      	CALL       _Lcd_Chr_CP
0x01A7	0x1683      	BSF        STATUS, 5
0x01A8	0x0ACC      	INCF       Lcd_Out_i_L0, 1
0x01A9	0x299B      	GOTO       L_Lcd_Out18
L_Lcd_Out19:
;__Lib_Lcd.c,201 :: 		
0x01AA	0x1283      	BCF        STATUS, 5
0x01AB	0x146E      	BSF        __Lib_Lcd_cmd_status, BitPos(__Lib_Lcd_cmd_status+0)
;__Lib_Lcd.c,202 :: 		
L_end_Lcd_Out:
0x01AC	0x0008      	RETURN
; end of _Lcd_Out
_Keypad_Init:
;__Lib_Keypad4x4.c,34 :: 		
;__Lib_Keypad4x4.c,35 :: 		
0x01AD	0x3080      	MOVLW      128
0x01AE	0x1283      	BCF        STATUS, 5
0x01AF	0x1303      	BCF        STATUS, 6
0x01B0	0x00F0      	MOVWF      R0
0x01B1	0x0870      	MOVF       R0, 0
0x01B2	0x3E08      	ADDLW      keypadPort
0x01B3	0x0084      	MOVWF      FSR
0x01B4	0x30FF      	MOVLW      255
0x01B5	0x0080      	MOVWF      INDF
;__Lib_Keypad4x4.c,36 :: 		
L_end_Keypad_Init:
0x01B6	0x0008      	RETURN
; end of _Keypad_Init
___CC2DW:
;__Lib_System.c,134 :: 		
;__Lib_System.c,137 :: 		
_CC2D_Loop1:
;__Lib_System.c,139 :: 		
0x01B7	0x20B1      	CALL       _____DoICP
0x01B8	0x118A      	BCF        PCLATH, 3
0x01B9	0x120A      	BCF        PCLATH, 4
;__Lib_System.c,141 :: 		
0x01BA	0x0080      	MOVWF      INDF
;__Lib_System.c,142 :: 		
0x01BB	0x0A84      	INCF       FSR, 1
;__Lib_System.c,143 :: 		
0x01BC	0x0AC7      	INCF       ___DoICPAddr, 1
;__Lib_System.c,145 :: 		
0x01BD	0x1903      	BTFSC      STATUS, 2
;__Lib_System.c,146 :: 		
0x01BE	0x0AC8      	INCF       ___DoICPAddr+1, 1
;__Lib_System.c,147 :: 		
0x01BF	0x03F0      	DECF       R0, 1
;__Lib_System.c,149 :: 		
0x01C0	0x1D03      	BTFSS      STATUS, 2
;__Lib_System.c,150 :: 		
0x01C1	0x29B7      	GOTO       _CC2D_Loop1
;__Lib_System.c,152 :: 		
L_end___CC2DW:
0x01C2	0x0008      	RETURN
; end of ___CC2DW
_Lcd_Init:
;__Lib_Lcd.c,84 :: 		
;__Lib_Lcd.c,86 :: 		
0x01C3	0x1683      	BSF        STATUS, 5
0x01C4	0x1303      	BCF        STATUS, 6
0x01C5	0x1287      	BCF        LCD_EN_Direction, BitPos(LCD_EN_Direction+0)
;__Lib_Lcd.c,87 :: 		
0x01C6	0x1207      	BCF        LCD_RS_Direction, BitPos(LCD_RS_Direction+0)
;__Lib_Lcd.c,88 :: 		
0x01C7	0x1007      	BCF        LCD_D4_Direction, BitPos(LCD_D4_Direction+0)
;__Lib_Lcd.c,89 :: 		
0x01C8	0x1087      	BCF        LCD_D5_Direction, BitPos(LCD_D5_Direction+0)
;__Lib_Lcd.c,90 :: 		
0x01C9	0x1107      	BCF        LCD_D6_Direction, BitPos(LCD_D6_Direction+0)
;__Lib_Lcd.c,91 :: 		
0x01CA	0x1187      	BCF        LCD_D7_Direction, BitPos(LCD_D7_Direction+0)
;__Lib_Lcd.c,93 :: 		
0x01CB	0x1283      	BCF        STATUS, 5
0x01CC	0x1287      	BCF        LCD_EN, BitPos(LCD_EN+0)
;__Lib_Lcd.c,94 :: 		
0x01CD	0x1207      	BCF        LCD_RS, BitPos(LCD_RS+0)
;__Lib_Lcd.c,95 :: 		
0x01CE	0x1187      	BCF        LCD_D7, BitPos(LCD_D7+0)
;__Lib_Lcd.c,96 :: 		
0x01CF	0x1107      	BCF        LCD_D6, BitPos(LCD_D6+0)
;__Lib_Lcd.c,97 :: 		
0x01D0	0x1087      	BCF        LCD_D5, BitPos(LCD_D5+0)
;__Lib_Lcd.c,98 :: 		
0x01D1	0x1007      	BCF        LCD_D4, BitPos(LCD_D4+0)
;__Lib_Lcd.c,100 :: 		
0x01D2	0x200D      	CALL       _Delay_5500us
;__Lib_Lcd.c,101 :: 		
0x01D3	0x200D      	CALL       _Delay_5500us
;__Lib_Lcd.c,102 :: 		
0x01D4	0x200D      	CALL       _Delay_5500us
;__Lib_Lcd.c,105 :: 		
0x01D5	0x1487      	BSF        LCD_D5, BitPos(LCD_D5+0)
;__Lib_Lcd.c,106 :: 		
0x01D6	0x1407      	BSF        LCD_D4, BitPos(LCD_D4+0)
;__Lib_Lcd.c,107 :: 		
0x01D7	0x1687      	BSF        LCD_EN, BitPos(LCD_EN+0)
;__Lib_Lcd.c,108 :: 		
0x01D8	0x2003      	CALL       _Delay_1us
;__Lib_Lcd.c,109 :: 		
0x01D9	0x1287      	BCF        LCD_EN, BitPos(LCD_EN+0)
;__Lib_Lcd.c,110 :: 		
0x01DA	0x200D      	CALL       _Delay_5500us
;__Lib_Lcd.c,112 :: 		
0x01DB	0x1687      	BSF        LCD_EN, BitPos(LCD_EN+0)
;__Lib_Lcd.c,113 :: 		
0x01DC	0x2003      	CALL       _Delay_1us
;__Lib_Lcd.c,114 :: 		
0x01DD	0x1287      	BCF        LCD_EN, BitPos(LCD_EN+0)
;__Lib_Lcd.c,115 :: 		
0x01DE	0x200D      	CALL       _Delay_5500us
;__Lib_Lcd.c,117 :: 		
0x01DF	0x1687      	BSF        LCD_EN, BitPos(LCD_EN+0)
;__Lib_Lcd.c,118 :: 		
0x01E0	0x2003      	CALL       _Delay_1us
;__Lib_Lcd.c,119 :: 		
0x01E1	0x1287      	BCF        LCD_EN, BitPos(LCD_EN+0)
;__Lib_Lcd.c,120 :: 		
0x01E2	0x200D      	CALL       _Delay_5500us
;__Lib_Lcd.c,123 :: 		
0x01E3	0x1007      	BCF        LCD_D4, BitPos(LCD_D4+0)
;__Lib_Lcd.c,124 :: 		
0x01E4	0x1687      	BSF        LCD_EN, BitPos(LCD_EN+0)
;__Lib_Lcd.c,125 :: 		
0x01E5	0x2003      	CALL       _Delay_1us
;__Lib_Lcd.c,126 :: 		
0x01E6	0x1287      	BCF        LCD_EN, BitPos(LCD_EN+0)
;__Lib_Lcd.c,127 :: 		
0x01E7	0x200D      	CALL       _Delay_5500us
;__Lib_Lcd.c,130 :: 		
0x01E8	0x1687      	BSF        LCD_EN, BitPos(LCD_EN+0)
;__Lib_Lcd.c,131 :: 		
0x01E9	0x2003      	CALL       _Delay_1us
;__Lib_Lcd.c,132 :: 		
0x01EA	0x1287      	BCF        LCD_EN, BitPos(LCD_EN+0)
;__Lib_Lcd.c,134 :: 		
0x01EB	0x1087      	BCF        LCD_D5, BitPos(LCD_D5+0)
;__Lib_Lcd.c,135 :: 		
0x01EC	0x1587      	BSF        LCD_D7, BitPos(LCD_D7+0)
;__Lib_Lcd.c,136 :: 		
0x01ED	0x1687      	BSF        LCD_EN, BitPos(LCD_EN+0)
;__Lib_Lcd.c,137 :: 		
0x01EE	0x2003      	CALL       _Delay_1us
;__Lib_Lcd.c,138 :: 		
0x01EF	0x1287      	BCF        LCD_EN, BitPos(LCD_EN+0)
;__Lib_Lcd.c,139 :: 		
0x01F0	0x200D      	CALL       _Delay_5500us
;__Lib_Lcd.c,142 :: 		
0x01F1	0x1187      	BCF        LCD_D7, BitPos(LCD_D7+0)
;__Lib_Lcd.c,143 :: 		
0x01F2	0x1407      	BSF        LCD_D4, BitPos(LCD_D4+0)
;__Lib_Lcd.c,144 :: 		
0x01F3	0x1687      	BSF        LCD_EN, BitPos(LCD_EN+0)
;__Lib_Lcd.c,145 :: 		
0x01F4	0x2003      	CALL       _Delay_1us
;__Lib_Lcd.c,146 :: 		
0x01F5	0x1287      	BCF        LCD_EN, BitPos(LCD_EN+0)
;__Lib_Lcd.c,148 :: 		
0x01F6	0x1007      	BCF        LCD_D4, BitPos(LCD_D4+0)
;__Lib_Lcd.c,149 :: 		
0x01F7	0x1687      	BSF        LCD_EN, BitPos(LCD_EN+0)
;__Lib_Lcd.c,150 :: 		
0x01F8	0x2003      	CALL       _Delay_1us
;__Lib_Lcd.c,151 :: 		
0x01F9	0x1287      	BCF        LCD_EN, BitPos(LCD_EN+0)
;__Lib_Lcd.c,152 :: 		
0x01FA	0x200D      	CALL       _Delay_5500us
;__Lib_Lcd.c,155 :: 		
0x01FB	0x1687      	BSF        LCD_EN, BitPos(LCD_EN+0)
;__Lib_Lcd.c,156 :: 		
0x01FC	0x2003      	CALL       _Delay_1us
;__Lib_Lcd.c,157 :: 		
0x01FD	0x1287      	BCF        LCD_EN, BitPos(LCD_EN+0)
;__Lib_Lcd.c,159 :: 		
0x01FE	0x1407      	BSF        LCD_D4, BitPos(LCD_D4+0)
;__Lib_Lcd.c,160 :: 		
0x01FF	0x1687      	BSF        LCD_EN, BitPos(LCD_EN+0)
;__Lib_Lcd.c,161 :: 		
0x0200	0x2003      	CALL       _Delay_1us
;__Lib_Lcd.c,162 :: 		
0x0201	0x1287      	BCF        LCD_EN, BitPos(LCD_EN+0)
;__Lib_Lcd.c,163 :: 		
0x0202	0x200D      	CALL       _Delay_5500us
;__Lib_Lcd.c,166 :: 		
0x0203	0x1007      	BCF        LCD_D4, BitPos(LCD_D4+0)
;__Lib_Lcd.c,167 :: 		
0x0204	0x1687      	BSF        LCD_EN, BitPos(LCD_EN+0)
;__Lib_Lcd.c,168 :: 		
0x0205	0x2003      	CALL       _Delay_1us
;__Lib_Lcd.c,169 :: 		
0x0206	0x1287      	BCF        LCD_EN, BitPos(LCD_EN+0)
;__Lib_Lcd.c,171 :: 		
0x0207	0x1587      	BSF        LCD_D7, BitPos(LCD_D7+0)
;__Lib_Lcd.c,172 :: 		
0x0208	0x1507      	BSF        LCD_D6, BitPos(LCD_D6+0)
;__Lib_Lcd.c,173 :: 		
0x0209	0x1487      	BSF        LCD_D5, BitPos(LCD_D5+0)
;__Lib_Lcd.c,174 :: 		
0x020A	0x1407      	BSF        LCD_D4, BitPos(LCD_D4+0)
;__Lib_Lcd.c,175 :: 		
0x020B	0x1687      	BSF        LCD_EN, BitPos(LCD_EN+0)
;__Lib_Lcd.c,176 :: 		
0x020C	0x2003      	CALL       _Delay_1us
;__Lib_Lcd.c,177 :: 		
0x020D	0x1287      	BCF        LCD_EN, BitPos(LCD_EN+0)
;__Lib_Lcd.c,179 :: 		
0x020E	0x200D      	CALL       _Delay_5500us
;__Lib_Lcd.c,181 :: 		
0x020F	0x146E      	BSF        __Lib_Lcd_cmd_status, BitPos(__Lib_Lcd_cmd_status+0)
;__Lib_Lcd.c,182 :: 		
L_end_Lcd_Init:
0x0210	0x0008      	RETURN
; end of _Lcd_Init
_main:
0x0211	0x2380      	CALL       896
;clavier.c,55 :: 		void main()
;clavier.c,57 :: 		TRISA=0x00;
0x0212	0x1683      	BSF        STATUS, 5
0x0213	0x1303      	BCF        STATUS, 6
0x0214	0x0185      	CLRF       TRISA
;clavier.c,58 :: 		PORTA=0x00;
0x0215	0x1283      	BCF        STATUS, 5
0x0216	0x0185      	CLRF       PORTA
;clavier.c,59 :: 		TRISB = 0x01;
0x0217	0x3001      	MOVLW      1
0x0218	0x1683      	BSF        STATUS, 5
0x0219	0x0086      	MOVWF      TRISB
;clavier.c,60 :: 		TRISC = 0x00;
0x021A	0x0187      	CLRF       TRISC
;clavier.c,61 :: 		PORTC=  0x00;
0x021B	0x1283      	BCF        STATUS, 5
0x021C	0x0187      	CLRF       PORTC
;clavier.c,62 :: 		TRISE=0x00;
0x021D	0x1683      	BSF        STATUS, 5
0x021E	0x0189      	CLRF       TRISE
;clavier.c,63 :: 		PORTE=0x00;
0x021F	0x1283      	BCF        STATUS, 5
0x0220	0x0189      	CLRF       PORTE
;clavier.c,65 :: 		Keypad_Init();                           // Init clavier                  // Init Sound
0x0221	0x21AD      	CALL       _Keypad_Init
;clavier.c,66 :: 		Lcd_Init();                              // Init LCD
0x0222	0x21C3      	CALL       _Lcd_Init
;clavier.c,67 :: 		Lcd_Cmd(_LCD_CLEAR);                     // Effacer LCD
0x0223	0x3001      	MOVLW      1
0x0224	0x1683      	BSF        STATUS, 5
0x0225	0x00CE      	MOVWF      FARG_Lcd_Cmd_out_char
0x0226	0x205A      	CALL       _Lcd_Cmd
;clavier.c,68 :: 		Lcd_Cmd(_LCD_CURSOR_OFF);                // Désactiver le curseur
0x0227	0x300C      	MOVLW      12
0x0228	0x1683      	BSF        STATUS, 5
0x0229	0x00CE      	MOVWF      FARG_Lcd_Cmd_out_char
0x022A	0x205A      	CALL       _Lcd_Cmd
;clavier.c,72 :: 		Lcd_Out(1, 3, "Bienvenue");                // Write message text on LCD
0x022B	0x3001      	MOVLW      1
0x022C	0x1683      	BSF        STATUS, 5
0x022D	0x00C9      	MOVWF      FARG_Lcd_Out_row
0x022E	0x3003      	MOVLW      3
0x022F	0x00CA      	MOVWF      FARG_Lcd_Out_column
0x0230	0x3020      	MOVLW      ?lstr1_clavier
0x0231	0x00CB      	MOVWF      FARG_Lcd_Out_text
0x0232	0x216A      	CALL       _Lcd_Out
;clavier.c,73 :: 		Lcd_Out(2, 1, "Saisir Code ");
0x0233	0x3002      	MOVLW      2
0x0234	0x1683      	BSF        STATUS, 5
0x0235	0x00C9      	MOVWF      FARG_Lcd_Out_row
0x0236	0x3001      	MOVLW      1
0x0237	0x00CA      	MOVWF      FARG_Lcd_Out_column
0x0238	0x302A      	MOVLW      ?lstr2_clavier
0x0239	0x00CB      	MOVWF      FARG_Lcd_Out_text
0x023A	0x216A      	CALL       _Lcd_Out
;clavier.c,76 :: 		while(1)
L_main17:
;clavier.c,78 :: 		for(i=0;i<LengthPassWord;i++)
0x023B	0x1683      	BSF        STATUS, 5
0x023C	0x01C6      	CLRF       _i
L_main19:
0x023D	0x3004      	MOVLW      4
0x023E	0x0246      	SUBWF      _i, 0
0x023F	0x1803      	BTFSC      STATUS, 0
0x0240	0x2A65      	GOTO       L_main20
;clavier.c,81 :: 		kp=GetKeyPressed();
0x0241	0x20D0      	CALL       _GetKeyPressed
0x0242	0x0870      	MOVF       R0, 0
0x0243	0x00EF      	MOVWF      _kp
;clavier.c,84 :: 		Lcd_Chr(2, 12+i, '*');
0x0244	0x3002      	MOVLW      2
0x0245	0x1683      	BSF        STATUS, 5
0x0246	0x00C9      	MOVWF      FARG_Lcd_Chr_row
0x0247	0x0846      	MOVF       _i, 0
0x0248	0x3E0C      	ADDLW      12
0x0249	0x00CA      	MOVWF      FARG_Lcd_Chr_column
0x024A	0x302A      	MOVLW      42
0x024B	0x00CB      	MOVWF      FARG_Lcd_Chr_out_char
0x024C	0x2132      	CALL       _Lcd_Chr
;clavier.c,85 :: 		if(Password[i]+48==kp  ) count++;
0x024D	0x1683      	BSF        STATUS, 5
0x024E	0x0846      	MOVF       _i, 0
0x024F	0x3E37      	ADDLW      _Password
0x0250	0x0084      	MOVWF      FSR
0x0251	0x3030      	MOVLW      48
0x0252	0x0700      	ADDWF      INDF, 0
0x0253	0x00F1      	MOVWF      R1
0x0254	0x01F2      	CLRF       R1+1
0x0255	0x1803      	BTFSC      STATUS, 0
0x0256	0x0AF2      	INCF       R1+1, 1
0x0257	0x3000      	MOVLW      0
0x0258	0x0672      	XORWF      R1+1, 0
0x0259	0x1D03      	BTFSS      STATUS, 2
0x025A	0x2A5E      	GOTO       L__main36
0x025B	0x1283      	BCF        STATUS, 5
0x025C	0x086F      	MOVF       _kp, 0
0x025D	0x0671      	XORWF      R1, 0
L__main36:
0x025E	0x1D03      	BTFSS      STATUS, 2
0x025F	0x2A62      	GOTO       L_main22
0x0260	0x1283      	BCF        STATUS, 5
0x0261	0x0AED      	INCF       _count, 1
L_main22:
;clavier.c,78 :: 		for(i=0;i<LengthPassWord;i++)
0x0262	0x1683      	BSF        STATUS, 5
0x0263	0x0AC6      	INCF       _i, 1
;clavier.c,86 :: 		}
0x0264	0x2A3D      	GOTO       L_main19
L_main20:
;clavier.c,88 :: 		if (count==LengthPassWord)
0x0265	0x1283      	BCF        STATUS, 5
0x0266	0x086D      	MOVF       _count, 0
0x0267	0x3A04      	XORLW      4
0x0268	0x1D03      	BTFSS      STATUS, 2
0x0269	0x2A8D      	GOTO       L_main23
;clavier.c,90 :: 		count = 0;
0x026A	0x01ED      	CLRF       _count
;clavier.c,91 :: 		Lcd_Cmd(_LCD_CLEAR);                     // Effacer LCD
0x026B	0x3001      	MOVLW      1
0x026C	0x1683      	BSF        STATUS, 5
0x026D	0x00CE      	MOVWF      FARG_Lcd_Cmd_out_char
0x026E	0x205A      	CALL       _Lcd_Cmd
;clavier.c,92 :: 		Lcd_Cmd(_LCD_CURSOR_OFF);
0x026F	0x300C      	MOVLW      12
0x0270	0x1683      	BSF        STATUS, 5
0x0271	0x00CE      	MOVWF      FARG_Lcd_Cmd_out_char
0x0272	0x205A      	CALL       _Lcd_Cmd
;clavier.c,93 :: 		Lcd_Out(1,1,"ACCES AUTORISE");
0x0273	0x3001      	MOVLW      1
0x0274	0x1683      	BSF        STATUS, 5
0x0275	0x00C9      	MOVWF      FARG_Lcd_Out_row
0x0276	0x3001      	MOVLW      1
0x0277	0x00CA      	MOVWF      FARG_Lcd_Out_column
0x0278	0x30B7      	MOVLW      ?lstr3_clavier
0x0279	0x00CB      	MOVWF      FARG_Lcd_Out_text
0x027A	0x216A      	CALL       _Lcd_Out
;clavier.c,95 :: 		PORTE=1;
0x027B	0x3001      	MOVLW      1
0x027C	0x0089      	MOVWF      PORTE
;clavier.c,96 :: 		delay_ms(500);
0x027D	0x3006      	MOVLW      6
0x027E	0x00FB      	MOVWF      R11
0x027F	0x3013      	MOVLW      19
0x0280	0x00FC      	MOVWF      R12
0x0281	0x30AD      	MOVLW      173
0x0282	0x00FD      	MOVWF      R13
L_main24:
0x0283	0x0BFD      	DECFSZ     R13, 1
0x0284	0x2A83      	GOTO       L_main24
0x0285	0x0BFC      	DECFSZ     R12, 1
0x0286	0x2A83      	GOTO       L_main24
0x0287	0x0BFB      	DECFSZ     R11, 1
0x0288	0x2A83      	GOTO       L_main24
0x0289	0x0000      	NOP
0x028A	0x0000      	NOP
;clavier.c,97 :: 		PORTE=0;
0x028B	0x0189      	CLRF       PORTE
;clavier.c,99 :: 		}
0x028C	0x2AE2      	GOTO       L_main25
L_main23:
;clavier.c,102 :: 		count++;
0x028D	0x0AED      	INCF       _count, 1
;clavier.c,103 :: 		Lcd_Cmd(_LCD_CLEAR);                     // Effacer LCD
0x028E	0x3001      	MOVLW      1
0x028F	0x1683      	BSF        STATUS, 5
0x0290	0x00CE      	MOVWF      FARG_Lcd_Cmd_out_char
0x0291	0x205A      	CALL       _Lcd_Cmd
;clavier.c,104 :: 		Lcd_Cmd(_LCD_CURSOR_OFF);
0x0292	0x300C      	MOVLW      12
0x0293	0x1683      	BSF        STATUS, 5
0x0294	0x00CE      	MOVWF      FARG_Lcd_Cmd_out_char
0x0295	0x205A      	CALL       _Lcd_Cmd
;clavier.c,105 :: 		Lcd_Out(1,2,"ACCES REFUSE");
0x0296	0x3001      	MOVLW      1
0x0297	0x1683      	BSF        STATUS, 5
0x0298	0x00C9      	MOVWF      FARG_Lcd_Out_row
0x0299	0x3002      	MOVLW      2
0x029A	0x00CA      	MOVWF      FARG_Lcd_Out_column
0x029B	0x30AA      	MOVLW      ?lstr4_clavier
0x029C	0x00CB      	MOVWF      FARG_Lcd_Out_text
0x029D	0x216A      	CALL       _Lcd_Out
;clavier.c,106 :: 		PORTE=4;
0x029E	0x3004      	MOVLW      4
0x029F	0x0089      	MOVWF      PORTE
;clavier.c,107 :: 		PORTA=0xff;
0x02A0	0x30FF      	MOVLW      255
0x02A1	0x0085      	MOVWF      PORTA
;clavier.c,108 :: 		delay_ms(500);
0x02A2	0x3006      	MOVLW      6
0x02A3	0x00FB      	MOVWF      R11
0x02A4	0x3013      	MOVLW      19
0x02A5	0x00FC      	MOVWF      R12
0x02A6	0x30AD      	MOVLW      173
0x02A7	0x00FD      	MOVWF      R13
L_main26:
0x02A8	0x0BFD      	DECFSZ     R13, 1
0x02A9	0x2AA8      	GOTO       L_main26
0x02AA	0x0BFC      	DECFSZ     R12, 1
0x02AB	0x2AA8      	GOTO       L_main26
0x02AC	0x0BFB      	DECFSZ     R11, 1
0x02AD	0x2AA8      	GOTO       L_main26
0x02AE	0x0000      	NOP
0x02AF	0x0000      	NOP
;clavier.c,109 :: 		PORTE=0;
0x02B0	0x0189      	CLRF       PORTE
;clavier.c,110 :: 		PORTA=0;
0x02B1	0x0185      	CLRF       PORTA
;clavier.c,113 :: 		CntWrongPW++;
0x02B2	0x0ACC      	INCF       _CntWrongPW, 1
;clavier.c,115 :: 		if(CntWrongPW==NumCodeRepeat)
0x02B3	0x084C      	MOVF       _CntWrongPW, 0
0x02B4	0x3A02      	XORLW      2
0x02B5	0x1D03      	BTFSS      STATUS, 2
0x02B6	0x2AE2      	GOTO       L_main27
;clavier.c,117 :: 		CntWrongPW=0;
0x02B7	0x01CC      	CLRF       _CntWrongPW
;clavier.c,118 :: 		count=0;
0x02B8	0x01ED      	CLRF       _count
;clavier.c,119 :: 		while(kp=GetKeyPressed()-48!=Enable_PW)
0x02B9	0x20D0      	CALL       _GetKeyPressed
0x02BA	0x3030      	MOVLW      48
0x02BB	0x0270      	SUBWF      R0, 0
0x02BC	0x00F1      	MOVWF      R1
0x02BD	0x01F2      	CLRF       R1+1
0x02BE	0x1C03      	BTFSS      STATUS, 0
0x02BF	0x03F2      	DECF       R1+1, 1
0x02C0	0x3000      	MOVLW      0
0x02C1	0x0672      	XORWF      R1+1, 0
0x02C2	0x1D03      	BTFSS      STATUS, 2
0x02C3	0x2AC6      	GOTO       L__main37
0x02C4	0x3008      	MOVLW      8
0x02C5	0x0671      	XORWF      R1, 0
L__main37:
0x02C6	0x3001      	MOVLW      1
0x02C7	0x1903      	BTFSC      STATUS, 2
0x02C8	0x3000      	MOVLW      0
0x02C9	0x00F0      	MOVWF      R0
0x02CA	0x0870      	MOVF       R0, 0
0x02CB	0x00EF      	MOVWF      _kp
0x02CC	0x0870      	MOVF       R0, 0
0x02CD	0x1903      	BTFSC      STATUS, 2
0x02CE	0x2AE2      	GOTO       L_main29
;clavier.c,121 :: 		Lcd_Out(2,1,"Password Blocked");
0x02CF	0x3002      	MOVLW      2
0x02D0	0x1683      	BSF        STATUS, 5
0x02D1	0x00C9      	MOVWF      FARG_Lcd_Out_row
0x02D2	0x3001      	MOVLW      1
0x02D3	0x00CA      	MOVWF      FARG_Lcd_Out_column
0x02D4	0x303B      	MOVLW      ?lstr5_clavier
0x02D5	0x00CB      	MOVWF      FARG_Lcd_Out_text
0x02D6	0x216A      	CALL       _Lcd_Out
;clavier.c,122 :: 		Lcd_Out(1,1,"Password Blocked");
0x02D7	0x3001      	MOVLW      1
0x02D8	0x1683      	BSF        STATUS, 5
0x02D9	0x00C9      	MOVWF      FARG_Lcd_Out_row
0x02DA	0x3001      	MOVLW      1
0x02DB	0x00CA      	MOVWF      FARG_Lcd_Out_column
0x02DC	0x304D      	MOVLW      ?lstr6_clavier
0x02DD	0x00CB      	MOVWF      FARG_Lcd_Out_text
0x02DE	0x216A      	CALL       _Lcd_Out
;clavier.c,123 :: 		PORTA=0xff;
0x02DF	0x30FF      	MOVLW      255
0x02E0	0x0085      	MOVWF      PORTA
;clavier.c,124 :: 		while(1)
L_main30:
;clavier.c,126 :: 		if(RB0==1) break;
L_main32:
;clavier.c,127 :: 		}
0x02E1	0x2AE1      	GOTO       L_main30
;clavier.c,130 :: 		}
L_main29:
;clavier.c,131 :: 		}
L_main27:
;clavier.c,132 :: 		}
L_main25:
;clavier.c,134 :: 		delay_ms(500);
0x02E2	0x3006      	MOVLW      6
0x02E3	0x00FB      	MOVWF      R11
0x02E4	0x3013      	MOVLW      19
0x02E5	0x00FC      	MOVWF      R12
0x02E6	0x30AD      	MOVLW      173
0x02E7	0x00FD      	MOVWF      R13
L_main33:
0x02E8	0x0BFD      	DECFSZ     R13, 1
0x02E9	0x2AE8      	GOTO       L_main33
0x02EA	0x0BFC      	DECFSZ     R12, 1
0x02EB	0x2AE8      	GOTO       L_main33
0x02EC	0x0BFB      	DECFSZ     R11, 1
0x02ED	0x2AE8      	GOTO       L_main33
0x02EE	0x0000      	NOP
0x02EF	0x0000      	NOP
;clavier.c,136 :: 		Lcd_Cmd(_LCD_CLEAR);
0x02F0	0x3001      	MOVLW      1
0x02F1	0x1683      	BSF        STATUS, 5
0x02F2	0x00CE      	MOVWF      FARG_Lcd_Cmd_out_char
0x02F3	0x205A      	CALL       _Lcd_Cmd
;clavier.c,138 :: 		Lcd_Out(1, 3, "Bienvenue");                // Write message text on LCD
0x02F4	0x3001      	MOVLW      1
0x02F5	0x1683      	BSF        STATUS, 5
0x02F6	0x00C9      	MOVWF      FARG_Lcd_Out_row
0x02F7	0x3003      	MOVLW      3
0x02F8	0x00CA      	MOVWF      FARG_Lcd_Out_column
0x02F9	0x30A0      	MOVLW      ?lstr7_clavier
0x02FA	0x00CB      	MOVWF      FARG_Lcd_Out_text
0x02FB	0x216A      	CALL       _Lcd_Out
;clavier.c,139 :: 		Lcd_Out(2, 1, "Saisir le Code");
0x02FC	0x3002      	MOVLW      2
0x02FD	0x1683      	BSF        STATUS, 5
0x02FE	0x00C9      	MOVWF      FARG_Lcd_Out_row
0x02FF	0x3001      	MOVLW      1
0x0300	0x00CA      	MOVWF      FARG_Lcd_Out_column
0x0301	0x305E      	MOVLW      ?lstr8_clavier
0x0302	0x00CB      	MOVWF      FARG_Lcd_Out_text
0x0303	0x216A      	CALL       _Lcd_Out
;clavier.c,141 :: 		}
0x0304	0x2A3B      	GOTO       L_main17
;clavier.c,142 :: 		}
L_end_main:
0x0305	0x2B05      	GOTO       $+0
; end of _main
0x0380	0x3020      	MOVLW      32
0x0381	0x0084      	MOVWF      FSR
0x0382	0x304D      	MOVLW      77
0x0383	0x1283      	BCF        STATUS, 5
0x0384	0x1303      	BCF        STATUS, 6
0x0385	0x00F0      	MOVWF      R0
0x0386	0x300B      	MOVLW      11
0x0387	0x1683      	BSF        STATUS, 5
0x0388	0x00C7      	MOVWF      ___DoICPAddr
0x0389	0x3003      	MOVLW      3
0x038A	0x00C8      	MOVWF      200
0x038B	0x21B7      	CALL       439
0x038C	0x30A0      	MOVLW      160
0x038D	0x0084      	MOVWF      FSR
0x038E	0x3026      	MOVLW      38
0x038F	0x1283      	BCF        STATUS, 5
0x0390	0x1303      	BCF        STATUS, 6
0x0391	0x00F0      	MOVWF      R0
0x0392	0x3058      	MOVLW      88
0x0393	0x1683      	BSF        STATUS, 5
0x0394	0x00C7      	MOVWF      ___DoICPAddr
0x0395	0x3003      	MOVLW      3
0x0396	0x00C8      	MOVWF      200
0x0397	0x21B7      	CALL       439
0x0398	0x306D      	MOVLW      109
0x0399	0x0084      	MOVWF      FSR
0x039A	0x3001      	MOVLW      1
0x039B	0x1283      	BCF        STATUS, 5
0x039C	0x1303      	BCF        STATUS, 6
0x039D	0x00F0      	MOVWF      R0
0x039E	0x307E      	MOVLW      126
0x039F	0x1683      	BSF        STATUS, 5
0x03A0	0x00C7      	MOVWF      ___DoICPAddr
0x03A1	0x3003      	MOVLW      3
0x03A2	0x00C8      	MOVWF      200
0x03A3	0x21B7      	CALL       439
0x03A4	0x0008      	RETURN
;clavier.c,0 :: ?ICS?lstr1_clavier
0x030B	0x3442 ;?ICS?lstr1_clavier+0
0x030C	0x3469 ;?ICS?lstr1_clavier+1
0x030D	0x3465 ;?ICS?lstr1_clavier+2
0x030E	0x346E ;?ICS?lstr1_clavier+3
0x030F	0x3476 ;?ICS?lstr1_clavier+4
0x0310	0x3465 ;?ICS?lstr1_clavier+5
0x0311	0x346E ;?ICS?lstr1_clavier+6
0x0312	0x3475 ;?ICS?lstr1_clavier+7
0x0313	0x3465 ;?ICS?lstr1_clavier+8
0x0314	0x3400 ;?ICS?lstr1_clavier+9
; end of ?ICS?lstr1_clavier
;clavier.c,0 :: ?ICS?lstr2_clavier
0x0315	0x3453 ;?ICS?lstr2_clavier+0
0x0316	0x3461 ;?ICS?lstr2_clavier+1
0x0317	0x3469 ;?ICS?lstr2_clavier+2
0x0318	0x3473 ;?ICS?lstr2_clavier+3
0x0319	0x3469 ;?ICS?lstr2_clavier+4
0x031A	0x3472 ;?ICS?lstr2_clavier+5
0x031B	0x3420 ;?ICS?lstr2_clavier+6
0x031C	0x3443 ;?ICS?lstr2_clavier+7
0x031D	0x346F ;?ICS?lstr2_clavier+8
0x031E	0x3464 ;?ICS?lstr2_clavier+9
0x031F	0x3465 ;?ICS?lstr2_clavier+10
0x0320	0x3420 ;?ICS?lstr2_clavier+11
0x0321	0x3400 ;?ICS?lstr2_clavier+12
; end of ?ICS?lstr2_clavier
;clavier.c,0 :: ?ICS_Password
0x0322	0x3401 ;?ICS_Password+0
0x0323	0x3402 ;?ICS_Password+1
0x0324	0x3403 ;?ICS_Password+2
0x0325	0x3404 ;?ICS_Password+3
; end of ?ICS_Password
;clavier.c,0 :: ?ICS?lstr5_clavier
0x0326	0x3450 ;?ICS?lstr5_clavier+0
0x0327	0x3461 ;?ICS?lstr5_clavier+1
0x0328	0x3473 ;?ICS?lstr5_clavier+2
0x0329	0x3473 ;?ICS?lstr5_clavier+3
0x032A	0x3477 ;?ICS?lstr5_clavier+4
0x032B	0x346F ;?ICS?lstr5_clavier+5
0x032C	0x3472 ;?ICS?lstr5_clavier+6
0x032D	0x3464 ;?ICS?lstr5_clavier+7
0x032E	0x3420 ;?ICS?lstr5_clavier+8
0x032F	0x3442 ;?ICS?lstr5_clavier+9
0x0330	0x346C ;?ICS?lstr5_clavier+10
0x0331	0x346F ;?ICS?lstr5_clavier+11
0x0332	0x3463 ;?ICS?lstr5_clavier+12
0x0333	0x346B ;?ICS?lstr5_clavier+13
0x0334	0x3465 ;?ICS?lstr5_clavier+14
0x0335	0x3464 ;?ICS?lstr5_clavier+15
0x0336	0x3400 ;?ICS?lstr5_clavier+16
; end of ?ICS?lstr5_clavier
;clavier.c,0 :: ?ICS_CntWrongPW
0x0337	0x3400 ;?ICS_CntWrongPW+0
; end of ?ICS_CntWrongPW
;clavier.c,0 :: ?ICS?lstr6_clavier
0x0338	0x3450 ;?ICS?lstr6_clavier+0
0x0339	0x3461 ;?ICS?lstr6_clavier+1
0x033A	0x3473 ;?ICS?lstr6_clavier+2
0x033B	0x3473 ;?ICS?lstr6_clavier+3
0x033C	0x3477 ;?ICS?lstr6_clavier+4
0x033D	0x346F ;?ICS?lstr6_clavier+5
0x033E	0x3472 ;?ICS?lstr6_clavier+6
0x033F	0x3464 ;?ICS?lstr6_clavier+7
0x0340	0x3420 ;?ICS?lstr6_clavier+8
0x0341	0x3442 ;?ICS?lstr6_clavier+9
0x0342	0x346C ;?ICS?lstr6_clavier+10
0x0343	0x346F ;?ICS?lstr6_clavier+11
0x0344	0x3463 ;?ICS?lstr6_clavier+12
0x0345	0x346B ;?ICS?lstr6_clavier+13
0x0346	0x3465 ;?ICS?lstr6_clavier+14
0x0347	0x3464 ;?ICS?lstr6_clavier+15
0x0348	0x3400 ;?ICS?lstr6_clavier+16
; end of ?ICS?lstr6_clavier
;clavier.c,0 :: ?ICS?lstr8_clavier
0x0349	0x3453 ;?ICS?lstr8_clavier+0
0x034A	0x3461 ;?ICS?lstr8_clavier+1
0x034B	0x3469 ;?ICS?lstr8_clavier+2
0x034C	0x3473 ;?ICS?lstr8_clavier+3
0x034D	0x3469 ;?ICS?lstr8_clavier+4
0x034E	0x3472 ;?ICS?lstr8_clavier+5
0x034F	0x3420 ;?ICS?lstr8_clavier+6
0x0350	0x346C ;?ICS?lstr8_clavier+7
0x0351	0x3465 ;?ICS?lstr8_clavier+8
0x0352	0x3420 ;?ICS?lstr8_clavier+9
0x0353	0x3443 ;?ICS?lstr8_clavier+10
0x0354	0x346F ;?ICS?lstr8_clavier+11
0x0355	0x3464 ;?ICS?lstr8_clavier+12
0x0356	0x3465 ;?ICS?lstr8_clavier+13
0x0357	0x3400 ;?ICS?lstr8_clavier+14
; end of ?ICS?lstr8_clavier
;clavier.c,0 :: ?ICS?lstr7_clavier
0x0358	0x3442 ;?ICS?lstr7_clavier+0
0x0359	0x3469 ;?ICS?lstr7_clavier+1
0x035A	0x3465 ;?ICS?lstr7_clavier+2
0x035B	0x346E ;?ICS?lstr7_clavier+3
0x035C	0x3476 ;?ICS?lstr7_clavier+4
0x035D	0x3465 ;?ICS?lstr7_clavier+5
0x035E	0x346E ;?ICS?lstr7_clavier+6
0x035F	0x3475 ;?ICS?lstr7_clavier+7
0x0360	0x3465 ;?ICS?lstr7_clavier+8
0x0361	0x3400 ;?ICS?lstr7_clavier+9
; end of ?ICS?lstr7_clavier
;clavier.c,0 :: ?ICS?lstr4_clavier
0x0362	0x3441 ;?ICS?lstr4_clavier+0
0x0363	0x3443 ;?ICS?lstr4_clavier+1
0x0364	0x3443 ;?ICS?lstr4_clavier+2
0x0365	0x3445 ;?ICS?lstr4_clavier+3
0x0366	0x3453 ;?ICS?lstr4_clavier+4
0x0367	0x3420 ;?ICS?lstr4_clavier+5
0x0368	0x3452 ;?ICS?lstr4_clavier+6
0x0369	0x3445 ;?ICS?lstr4_clavier+7
0x036A	0x3446 ;?ICS?lstr4_clavier+8
0x036B	0x3455 ;?ICS?lstr4_clavier+9
0x036C	0x3453 ;?ICS?lstr4_clavier+10
0x036D	0x3445 ;?ICS?lstr4_clavier+11
0x036E	0x3400 ;?ICS?lstr4_clavier+12
; end of ?ICS?lstr4_clavier
;clavier.c,0 :: ?ICS?lstr3_clavier
0x036F	0x3441 ;?ICS?lstr3_clavier+0
0x0370	0x3443 ;?ICS?lstr3_clavier+1
0x0371	0x3443 ;?ICS?lstr3_clavier+2
0x0372	0x3445 ;?ICS?lstr3_clavier+3
0x0373	0x3453 ;?ICS?lstr3_clavier+4
0x0374	0x3420 ;?ICS?lstr3_clavier+5
0x0375	0x3441 ;?ICS?lstr3_clavier+6
0x0376	0x3455 ;?ICS?lstr3_clavier+7
0x0377	0x3454 ;?ICS?lstr3_clavier+8
0x0378	0x344F ;?ICS?lstr3_clavier+9
0x0379	0x3452 ;?ICS?lstr3_clavier+10
0x037A	0x3449 ;?ICS?lstr3_clavier+11
0x037B	0x3453 ;?ICS?lstr3_clavier+12
0x037C	0x3445 ;?ICS?lstr3_clavier+13
0x037D	0x3400 ;?ICS?lstr3_clavier+14
; end of ?ICS?lstr3_clavier
;clavier.c,0 :: ?ICS_count
0x037E	0x3400 ;?ICS_count+0
; end of ?ICS_count
Symbol List:
//** Routines locations **
//ADDRESS    SIZE    PROCEDURE
//----------------------------------------------
0x0003       [3]    _Delay_1us
0x0006       [7]    _Delay_50us
0x000D      [13]    _Delay_5500us
0x001A       [8]    _Delay_10us
0x0022      [56]    _Keypad_Key_Press
0x005A      [87]    _Lcd_Cmd
0x00B1       [7]    _____DoICP
0x00B8      [15]    _Keypad_Key_Click
0x00C7       [9]    _Lcd_Chr_CP
0x00D0      [98]    _GetKeyPressed
0x0132      [56]    _Lcd_Chr
0x016A      [67]    _Lcd_Out
0x01AD      [10]    _Keypad_Init
0x01B7      [12]    ___CC2DW
0x01C3      [78]    _Lcd_Init
0x0211     [244]    _main
//** Variables locations ** 
//ADDRESS    SIZE    VARIABLE
//----------------------------------------------
0x0000       [1]    INDF
0x0002       [1]    PCL
0x0003       [1]    STATUS
0x0004       [1]    FSR
0x0005       [1]    PORTA
0x0007       [0]    LCD_EN
0x0007       [0]    RC1_bit
0x0007       [0]    LCD_D5
0x0007       [0]    RC0_bit
0x0007       [0]    LCD_D4
0x0007       [0]    LCD_RS
0x0007       [0]    RC5_bit
0x0007       [0]    RC3_bit
0x0007       [0]    RC4_bit
0x0007       [0]    LCD_D7
0x0007       [0]    RC2_bit
0x0007       [1]    PORTC
0x0007       [0]    LCD_D6
0x0008       [1]    PORTD
0x0008       [1]    keypadPort
0x0009       [1]    PORTE
0x000A       [1]    PCLATH
0x0020      [10]    ?lstr1_clavier
0x002A      [13]    ?lstr2_clavier
0x0037       [4]    _Password
0x003B      [17]    ?lstr5_clavier
0x004C       [1]    _CntWrongPW
0x004D      [17]    ?lstr6_clavier
0x005E      [15]    ?lstr8_clavier
0x006D       [1]    _count
0x006E       [0]    __Lib_Lcd_cmd_status
0x006F       [1]    _kp
0x0070       [1]    R0
0x0071       [1]    R1
0x0072       [1]    R2
0x0073       [1]    R3
0x0074       [1]    R4
0x0075       [1]    R5
0x0076       [1]    R6
0x0077       [1]    R7
0x0078       [1]    R8
0x0079       [1]    R9
0x007A       [1]    R10
0x007B       [1]    R11
0x007C       [1]    R12
0x007D       [1]    R13
0x007E       [1]    R14
0x007F       [1]    R15
0x0085       [1]    TRISA
0x0086       [1]    TRISB
0x0087       [0]    TRISC5_bit
0x0087       [0]    TRISC4_bit
0x0087       [0]    TRISC2_bit
0x0087       [0]    LCD_D4_Direction
0x0087       [0]    TRISC1_bit
0x0087       [0]    TRISC3_bit
0x0087       [0]    LCD_EN_Direction
0x0087       [0]    LCD_D5_Direction
0x0087       [0]    TRISC0_bit
0x0087       [0]    LCD_D6_Direction
0x0087       [0]    LCD_D7_Direction
0x0087       [0]    LCD_RS_Direction
0x0087       [1]    TRISC
0x0089       [1]    TRISE
0x00A0      [10]    ?lstr7_clavier
0x00AA      [13]    ?lstr4_clavier
0x00B7      [15]    ?lstr3_clavier
0x00C6       [1]    _i
0x00C7       [2]    ___DoICPAddr
0x00C9       [1]    FARG_Lcd_Out_row
0x00C9       [1]    FARG_Lcd_Chr_row
0x00CA       [1]    FARG_Lcd_Chr_column
0x00CA       [1]    FARG_Lcd_Out_column
0x00CB       [1]    FARG_Lcd_Chr_out_char
0x00CB       [1]    FARG_Lcd_Out_text
0x00CC       [1]    Lcd_Out_i_L0
0x00CD       [1]    FARG_Lcd_Chr_CP_out_char
0x00CD       [1]    Keypad_Key_Click_rslt_L0
0x00CE       [1]    FARG_Lcd_Cmd_out_char
0x00CE       [1]    Keypad_Key_Press_rslt_L0
0x00CF       [1]    Keypad_Key_Press_kdata_L0
0x00D0       [1]    Keypad_Key_Press_loc_L0
0x00D1       [1]    Keypad_Key_Press_rowcnt_L0
0x00D2       [1]    Keypad_Key_Press_shifter_L0
//** Constants locations ** 
//ADDRESS    SIZE    CONSTANT
//----------------------------------------------
0x030B      [10]    ?ICS?lstr1_clavier
0x0315      [13]    ?ICS?lstr2_clavier
0x0322       [4]    ?ICS_Password
0x0326      [17]    ?ICS?lstr5_clavier
0x0337       [1]    ?ICS_CntWrongPW
0x0338      [17]    ?ICS?lstr6_clavier
0x0349      [15]    ?ICS?lstr8_clavier
0x0358      [10]    ?ICS?lstr7_clavier
0x0362      [13]    ?ICS?lstr4_clavier
0x036F      [15]    ?ICS?lstr3_clavier
0x037E       [1]    ?ICS_count
